2025-03-09 01:29:26 [restartedMain] INFO  c.d.d.DemoBackendApplication - Starting DemoBackendApplication using Java 17.0.12 with PID 7376 (C:\Users\leeyu\Project\speak_diary\demo_spring_Vue\Ai-Diary-server\target\classes started by Lee in C:\Users\leeyu\Project\speak_diary\demo_spring_Vue)
2025-03-09 01:29:26 [restartedMain] INFO  c.d.d.DemoBackendApplication - No active profile set, falling back to 1 default profile: "default"
2025-03-09 01:29:26 [restartedMain] INFO  o.s.b.d.e.DevToolsPropertyDefaultsPostProcessor - Devtools property defaults active! Set 'spring.devtools.add-properties' to 'false' to disable
2025-03-09 01:29:26 [restartedMain] INFO  o.s.b.d.e.DevToolsPropertyDefaultsPostProcessor - For additional web related logging consider setting the 'logging.level.web' property to 'DEBUG'
2025-03-09 01:29:33 [restartedMain] DEBUG o.apache.ibatis.logging.LogFactory - Logging initialized using 'class org.apache.ibatis.logging.slf4j.Slf4jImpl' adapter.
2025-03-09 01:29:33 [restartedMain] DEBUG o.m.s.mapper.ClassPathMapperScanner - Identified candidate component class: file [C:\Users\leeyu\Project\speak_diary\demo_spring_Vue\Ai-Diary-server\target\classes\com\domain\demo_backend\mapper\DiaryMapper.class]
2025-03-09 01:29:33 [restartedMain] DEBUG o.m.s.mapper.ClassPathMapperScanner - Identified candidate component class: file [C:\Users\leeyu\Project\speak_diary\demo_spring_Vue\Ai-Diary-server\target\classes\com\domain\demo_backend\mapper\UserMapper.class]
2025-03-09 01:29:33 [restartedMain] DEBUG o.m.s.mapper.ClassPathMapperScanner - Creating MapperFactoryBean with name 'diaryMapper' and 'com.domain.demo_backend.mapper.DiaryMapper' mapperInterface
2025-03-09 01:29:33 [restartedMain] DEBUG o.m.s.mapper.ClassPathMapperScanner - Enabling autowire by type for MapperFactoryBean with name 'diaryMapper'.
2025-03-09 01:29:33 [restartedMain] DEBUG o.m.s.mapper.ClassPathMapperScanner - Creating MapperFactoryBean with name 'userMapper' and 'com.domain.demo_backend.mapper.UserMapper' mapperInterface
2025-03-09 01:29:33 [restartedMain] DEBUG o.m.s.mapper.ClassPathMapperScanner - Enabling autowire by type for MapperFactoryBean with name 'userMapper'.
2025-03-09 01:29:36 [restartedMain] INFO  o.s.b.w.e.tomcat.TomcatWebServer - Tomcat initialized with port(s): 8080 (http)
2025-03-09 01:29:36 [restartedMain] INFO  o.a.coyote.http11.Http11NioProtocol - Initializing ProtocolHandler ["http-nio-8080"]
2025-03-09 01:29:36 [restartedMain] INFO  o.a.catalina.core.StandardService - Starting service [Tomcat]
2025-03-09 01:29:36 [restartedMain] INFO  o.a.catalina.core.StandardEngine - Starting Servlet engine: [Apache Tomcat/10.1.13]
2025-03-09 01:29:36 [restartedMain] INFO  o.a.c.c.C.[Tomcat].[localhost].[/] - Initializing Spring embedded WebApplicationContext
2025-03-09 01:29:36 [restartedMain] INFO  o.s.b.w.s.c.ServletWebServerApplicationContext - Root WebApplicationContext: initialization completed in 9807 ms
2025-03-09 01:29:38 [restartedMain] DEBUG o.m.spring.SqlSessionFactoryBean - Parsed mapper file: 'file [C:\Users\leeyu\Project\speak_diary\demo_spring_Vue\Ai-Diary-server\target\classes\mappers\DiaryMapper.xml]'
2025-03-09 01:29:39 [restartedMain] DEBUG o.m.spring.SqlSessionFactoryBean - Parsed mapper file: 'file [C:\Users\leeyu\Project\speak_diary\demo_spring_Vue\Ai-Diary-server\target\classes\mappers\UserMapper.xml]'
2025-03-09 01:29:42 [restartedMain] INFO  o.s.s.web.DefaultSecurityFilterChain - Will secure any request with [org.springframework.security.web.session.DisableEncodeUrlFilter@3cbeca84, org.springframework.security.web.context.request.async.WebAsyncManagerIntegrationFilter@386342b6, org.springframework.security.web.context.SecurityContextHolderFilter@3ea66516, org.springframework.security.web.header.HeaderWriterFilter@6f327080, org.springframework.web.filter.CorsFilter@63136c94, com.domain.demo_backend.util.JwtAuthenticationFilter@706c202c, org.springframework.security.web.savedrequest.RequestCacheAwareFilter@3ef1ec53, org.springframework.security.web.servletapi.SecurityContextHolderAwareRequestFilter@973483b, org.springframework.security.web.authentication.AnonymousAuthenticationFilter@3a4c3e4f, org.springframework.security.web.access.ExceptionTranslationFilter@6920bd7e, org.springframework.security.web.access.intercept.AuthorizationFilter@562a4e73]
2025-03-09 01:29:45 [restartedMain] INFO  o.s.b.d.a.OptionalLiveReloadServer - LiveReload server is running on port 35729
2025-03-09 01:29:45 [restartedMain] INFO  o.a.coyote.http11.Http11NioProtocol - Starting ProtocolHandler ["http-nio-8080"]
2025-03-09 01:29:46 [restartedMain] INFO  o.s.b.w.e.tomcat.TomcatWebServer - Tomcat started on port(s): 8080 (http) with context path ''
2025-03-09 01:29:46 [restartedMain] INFO  c.d.d.DemoBackendApplication - Started DemoBackendApplication in 23.878 seconds (process running for 31.62)
2025-03-09 01:30:36 [File Watcher] INFO  o.s.b.d.a.LocalDevToolsAutoConfiguration$RestartingClassPathChangeChangedEventListener - Restarting due to 1 class path change (0 additions, 1 deletion, 0 modifications)
2025-03-09 01:30:36 [Thread-5] INFO  o.a.coyote.http11.Http11NioProtocol - Pausing ProtocolHandler ["http-nio-8080"]
2025-03-09 01:30:36 [Thread-5] INFO  o.a.catalina.core.StandardService - Stopping service [Tomcat]
2025-03-09 01:30:36 [Thread-5] INFO  o.a.coyote.http11.Http11NioProtocol - Stopping ProtocolHandler ["http-nio-8080"]
2025-03-09 01:30:36 [Thread-5] INFO  o.a.coyote.http11.Http11NioProtocol - Destroying ProtocolHandler ["http-nio-8080"]
2025-03-09 01:30:37 [restartedMain] INFO  c.d.d.DemoBackendApplication - Starting DemoBackendApplication using Java 17.0.12 with PID 7376 (C:\Users\leeyu\Project\speak_diary\demo_spring_Vue\Ai-Diary-server\target\classes started by Lee in C:\Users\leeyu\Project\speak_diary\demo_spring_Vue)
2025-03-09 01:30:37 [restartedMain] INFO  c.d.d.DemoBackendApplication - No active profile set, falling back to 1 default profile: "default"
2025-03-09 01:30:40 [restartedMain] DEBUG o.m.s.mapper.ClassPathMapperScanner - Identified candidate component class: file [C:\Users\leeyu\Project\speak_diary\demo_spring_Vue\Ai-Diary-server\target\classes\com\domain\demo_backend\mapper\DiaryMapper.class]
2025-03-09 01:30:40 [restartedMain] DEBUG o.m.s.mapper.ClassPathMapperScanner - Identified candidate component class: file [C:\Users\leeyu\Project\speak_diary\demo_spring_Vue\Ai-Diary-server\target\classes\com\domain\demo_backend\mapper\UserMapper.class]
2025-03-09 01:30:40 [restartedMain] DEBUG o.m.s.mapper.ClassPathMapperScanner - Creating MapperFactoryBean with name 'diaryMapper' and 'com.domain.demo_backend.mapper.DiaryMapper' mapperInterface
2025-03-09 01:30:40 [restartedMain] DEBUG o.m.s.mapper.ClassPathMapperScanner - Enabling autowire by type for MapperFactoryBean with name 'diaryMapper'.
2025-03-09 01:30:40 [restartedMain] DEBUG o.m.s.mapper.ClassPathMapperScanner - Creating MapperFactoryBean with name 'userMapper' and 'com.domain.demo_backend.mapper.UserMapper' mapperInterface
2025-03-09 01:30:40 [restartedMain] DEBUG o.m.s.mapper.ClassPathMapperScanner - Enabling autowire by type for MapperFactoryBean with name 'userMapper'.
2025-03-09 01:30:41 [restartedMain] INFO  o.s.b.w.e.tomcat.TomcatWebServer - Tomcat initialized with port(s): 8080 (http)
2025-03-09 01:30:41 [restartedMain] INFO  o.a.coyote.http11.Http11NioProtocol - Initializing ProtocolHandler ["http-nio-8080"]
2025-03-09 01:30:41 [restartedMain] INFO  o.a.catalina.core.StandardService - Starting service [Tomcat]
2025-03-09 01:30:41 [restartedMain] INFO  o.a.catalina.core.StandardEngine - Starting Servlet engine: [Apache Tomcat/10.1.13]
2025-03-09 01:30:41 [restartedMain] INFO  o.a.c.c.C.[Tomcat].[localhost].[/] - Initializing Spring embedded WebApplicationContext
2025-03-09 01:30:41 [restartedMain] INFO  o.s.b.w.s.c.ServletWebServerApplicationContext - Root WebApplicationContext: initialization completed in 3996 ms
2025-03-09 01:30:41 [restartedMain] DEBUG o.m.spring.SqlSessionFactoryBean - Parsed mapper file: 'file [C:\Users\leeyu\Project\speak_diary\demo_spring_Vue\Ai-Diary-server\target\classes\mappers\DiaryMapper.xml]'
2025-03-09 01:30:41 [restartedMain] DEBUG o.m.spring.SqlSessionFactoryBean - Parsed mapper file: 'file [C:\Users\leeyu\Project\speak_diary\demo_spring_Vue\Ai-Diary-server\target\classes\mappers\UserMapper.xml]'
2025-03-09 01:30:44 [restartedMain] INFO  o.s.s.web.DefaultSecurityFilterChain - Will secure any request with [org.springframework.security.web.session.DisableEncodeUrlFilter@70f62cd8, org.springframework.security.web.context.request.async.WebAsyncManagerIntegrationFilter@64dd09a5, org.springframework.security.web.context.SecurityContextHolderFilter@6a94c0d6, org.springframework.security.web.header.HeaderWriterFilter@15685dc2, org.springframework.web.filter.CorsFilter@29f38318, com.domain.demo_backend.util.JwtAuthenticationFilter@5f2b17ad, org.springframework.security.web.savedrequest.RequestCacheAwareFilter@26538907, org.springframework.security.web.servletapi.SecurityContextHolderAwareRequestFilter@5158bce7, org.springframework.security.web.authentication.AnonymousAuthenticationFilter@1efa607c, org.springframework.security.web.access.ExceptionTranslationFilter@4cd77567, org.springframework.security.web.access.intercept.AuthorizationFilter@4a578f24]
2025-03-09 01:30:45 [restartedMain] INFO  o.s.b.d.a.OptionalLiveReloadServer - LiveReload server is running on port 35729
2025-03-09 01:30:45 [restartedMain] INFO  o.a.coyote.http11.Http11NioProtocol - Starting ProtocolHandler ["http-nio-8080"]
2025-03-09 01:30:45 [restartedMain] INFO  o.s.b.w.e.tomcat.TomcatWebServer - Tomcat started on port(s): 8080 (http) with context path ''
2025-03-09 01:30:45 [restartedMain] INFO  c.d.d.DemoBackendApplication - Started DemoBackendApplication in 8.492 seconds (process running for 89.18)
2025-03-09 01:30:45 [restartedMain] INFO  o.s.b.d.a.ConditionEvaluationDeltaLoggingListener - Condition evaluation unchanged
2025-03-09 01:30:49 [File Watcher] INFO  o.s.b.d.a.LocalDevToolsAutoConfiguration$RestartingClassPathChangeChangedEventListener - Restarting due to 1 class path change (1 addition, 0 deletions, 0 modifications)
2025-03-09 01:30:49 [Thread-7] INFO  o.a.coyote.http11.Http11NioProtocol - Pausing ProtocolHandler ["http-nio-8080"]
2025-03-09 01:30:49 [Thread-7] INFO  o.a.catalina.core.StandardService - Stopping service [Tomcat]
2025-03-09 01:30:49 [Thread-7] INFO  o.a.coyote.http11.Http11NioProtocol - Stopping ProtocolHandler ["http-nio-8080"]
2025-03-09 01:30:49 [Thread-7] INFO  o.a.coyote.http11.Http11NioProtocol - Destroying ProtocolHandler ["http-nio-8080"]
2025-03-09 01:30:50 [restartedMain] INFO  c.d.d.DemoBackendApplication - Starting DemoBackendApplication using Java 17.0.12 with PID 7376 (C:\Users\leeyu\Project\speak_diary\demo_spring_Vue\Ai-Diary-server\target\classes started by Lee in C:\Users\leeyu\Project\speak_diary\demo_spring_Vue)
2025-03-09 01:30:50 [restartedMain] INFO  c.d.d.DemoBackendApplication - No active profile set, falling back to 1 default profile: "default"
2025-03-09 01:30:53 [restartedMain] DEBUG o.m.s.mapper.ClassPathMapperScanner - Identified candidate component class: file [C:\Users\leeyu\Project\speak_diary\demo_spring_Vue\Ai-Diary-server\target\classes\com\domain\demo_backend\mapper\DiaryMapper.class]
2025-03-09 01:30:53 [restartedMain] DEBUG o.m.s.mapper.ClassPathMapperScanner - Identified candidate component class: file [C:\Users\leeyu\Project\speak_diary\demo_spring_Vue\Ai-Diary-server\target\classes\com\domain\demo_backend\mapper\UserMapper.class]
2025-03-09 01:30:53 [restartedMain] DEBUG o.m.s.mapper.ClassPathMapperScanner - Creating MapperFactoryBean with name 'diaryMapper' and 'com.domain.demo_backend.mapper.DiaryMapper' mapperInterface
2025-03-09 01:30:53 [restartedMain] DEBUG o.m.s.mapper.ClassPathMapperScanner - Enabling autowire by type for MapperFactoryBean with name 'diaryMapper'.
2025-03-09 01:30:53 [restartedMain] DEBUG o.m.s.mapper.ClassPathMapperScanner - Creating MapperFactoryBean with name 'userMapper' and 'com.domain.demo_backend.mapper.UserMapper' mapperInterface
2025-03-09 01:30:53 [restartedMain] DEBUG o.m.s.mapper.ClassPathMapperScanner - Enabling autowire by type for MapperFactoryBean with name 'userMapper'.
2025-03-09 01:30:54 [restartedMain] INFO  o.s.b.w.e.tomcat.TomcatWebServer - Tomcat initialized with port(s): 8080 (http)
2025-03-09 01:30:54 [restartedMain] INFO  o.a.coyote.http11.Http11NioProtocol - Initializing ProtocolHandler ["http-nio-8080"]
2025-03-09 01:30:54 [restartedMain] INFO  o.a.catalina.core.StandardService - Starting service [Tomcat]
2025-03-09 01:30:54 [restartedMain] INFO  o.a.catalina.core.StandardEngine - Starting Servlet engine: [Apache Tomcat/10.1.13]
2025-03-09 01:30:54 [restartedMain] INFO  o.a.c.c.C.[Tomcat].[localhost].[/] - Initializing Spring embedded WebApplicationContext
2025-03-09 01:30:54 [restartedMain] INFO  o.s.b.w.s.c.ServletWebServerApplicationContext - Root WebApplicationContext: initialization completed in 4244 ms
2025-03-09 01:30:54 [restartedMain] DEBUG o.m.spring.SqlSessionFactoryBean - Parsed mapper file: 'file [C:\Users\leeyu\Project\speak_diary\demo_spring_Vue\Ai-Diary-server\target\classes\mappers\DiaryMapper.xml]'
2025-03-09 01:30:54 [restartedMain] DEBUG o.m.spring.SqlSessionFactoryBean - Parsed mapper file: 'file [C:\Users\leeyu\Project\speak_diary\demo_spring_Vue\Ai-Diary-server\target\classes\mappers\UserMapper.xml]'
2025-03-09 01:30:56 [restartedMain] INFO  o.s.s.web.DefaultSecurityFilterChain - Will secure any request with [org.springframework.security.web.session.DisableEncodeUrlFilter@550fdd57, org.springframework.security.web.context.request.async.WebAsyncManagerIntegrationFilter@4c07d7b6, org.springframework.security.web.context.SecurityContextHolderFilter@627cdb5, org.springframework.security.web.header.HeaderWriterFilter@5a981262, org.springframework.web.filter.CorsFilter@47020864, com.domain.demo_backend.util.JwtAuthenticationFilter@65fde903, org.springframework.security.web.savedrequest.RequestCacheAwareFilter@786b07b, org.springframework.security.web.servletapi.SecurityContextHolderAwareRequestFilter@45db9951, org.springframework.security.web.authentication.AnonymousAuthenticationFilter@4e33658e, org.springframework.security.web.access.ExceptionTranslationFilter@428c6fc, org.springframework.security.web.access.intercept.AuthorizationFilter@67b8acb3]
2025-03-09 01:30:57 [restartedMain] INFO  o.s.b.d.a.OptionalLiveReloadServer - LiveReload server is running on port 35729
2025-03-09 01:30:57 [restartedMain] INFO  o.a.coyote.http11.Http11NioProtocol - Starting ProtocolHandler ["http-nio-8080"]
2025-03-09 01:30:57 [restartedMain] INFO  o.s.b.w.e.tomcat.TomcatWebServer - Tomcat started on port(s): 8080 (http) with context path ''
2025-03-09 01:30:57 [restartedMain] INFO  c.d.d.DemoBackendApplication - Started DemoBackendApplication in 7.866 seconds (process running for 101.316)
2025-03-09 01:30:57 [restartedMain] INFO  o.s.b.d.a.ConditionEvaluationDeltaLoggingListener - Condition evaluation unchanged
2025-03-09 01:31:04 [restartedMain] INFO  c.d.d.DemoBackendApplication - Starting DemoBackendApplication using Java 17.0.12 with PID 22148 (C:\Users\leeyu\Project\speak_diary\demo_spring_Vue\Ai-Diary-server\target\classes started by Lee in C:\Users\leeyu\Project\speak_diary\demo_spring_Vue)
2025-03-09 01:31:04 [restartedMain] INFO  c.d.d.DemoBackendApplication - No active profile set, falling back to 1 default profile: "default"
2025-03-09 01:31:04 [restartedMain] INFO  o.s.b.d.e.DevToolsPropertyDefaultsPostProcessor - Devtools property defaults active! Set 'spring.devtools.add-properties' to 'false' to disable
2025-03-09 01:31:04 [restartedMain] INFO  o.s.b.d.e.DevToolsPropertyDefaultsPostProcessor - For additional web related logging consider setting the 'logging.level.web' property to 'DEBUG'
2025-03-09 01:31:12 [restartedMain] DEBUG o.apache.ibatis.logging.LogFactory - Logging initialized using 'class org.apache.ibatis.logging.slf4j.Slf4jImpl' adapter.
2025-03-09 01:31:12 [restartedMain] DEBUG o.m.s.mapper.ClassPathMapperScanner - Identified candidate component class: file [C:\Users\leeyu\Project\speak_diary\demo_spring_Vue\Ai-Diary-server\target\classes\com\domain\demo_backend\mapper\DiaryMapper.class]
2025-03-09 01:31:12 [restartedMain] DEBUG o.m.s.mapper.ClassPathMapperScanner - Identified candidate component class: file [C:\Users\leeyu\Project\speak_diary\demo_spring_Vue\Ai-Diary-server\target\classes\com\domain\demo_backend\mapper\UserMapper.class]
2025-03-09 01:31:12 [restartedMain] DEBUG o.m.s.mapper.ClassPathMapperScanner - Creating MapperFactoryBean with name 'diaryMapper' and 'com.domain.demo_backend.mapper.DiaryMapper' mapperInterface
2025-03-09 01:31:12 [restartedMain] DEBUG o.m.s.mapper.ClassPathMapperScanner - Enabling autowire by type for MapperFactoryBean with name 'diaryMapper'.
2025-03-09 01:31:12 [restartedMain] DEBUG o.m.s.mapper.ClassPathMapperScanner - Creating MapperFactoryBean with name 'userMapper' and 'com.domain.demo_backend.mapper.UserMapper' mapperInterface
2025-03-09 01:31:12 [restartedMain] DEBUG o.m.s.mapper.ClassPathMapperScanner - Enabling autowire by type for MapperFactoryBean with name 'userMapper'.
2025-03-09 01:31:15 [restartedMain] INFO  o.s.b.w.e.tomcat.TomcatWebServer - Tomcat initialized with port(s): 8080 (http)
2025-03-09 01:31:15 [restartedMain] INFO  o.a.coyote.http11.Http11NioProtocol - Initializing ProtocolHandler ["http-nio-8080"]
2025-03-09 01:31:15 [restartedMain] INFO  o.a.catalina.core.StandardService - Starting service [Tomcat]
2025-03-09 01:31:15 [restartedMain] INFO  o.a.catalina.core.StandardEngine - Starting Servlet engine: [Apache Tomcat/10.1.13]
2025-03-09 01:31:16 [restartedMain] INFO  o.a.c.c.C.[Tomcat].[localhost].[/] - Initializing Spring embedded WebApplicationContext
2025-03-09 01:31:16 [restartedMain] INFO  o.s.b.w.s.c.ServletWebServerApplicationContext - Root WebApplicationContext: initialization completed in 11189 ms
2025-03-09 01:31:17 [restartedMain] DEBUG o.m.spring.SqlSessionFactoryBean - Parsed mapper file: 'file [C:\Users\leeyu\Project\speak_diary\demo_spring_Vue\Ai-Diary-server\target\classes\mappers\DiaryMapper.xml]'
2025-03-09 01:31:18 [restartedMain] DEBUG o.m.spring.SqlSessionFactoryBean - Parsed mapper file: 'file [C:\Users\leeyu\Project\speak_diary\demo_spring_Vue\Ai-Diary-server\target\classes\mappers\UserMapper.xml]'
2025-03-09 01:31:23 [restartedMain] INFO  o.s.s.web.DefaultSecurityFilterChain - Will secure any request with [org.springframework.security.web.session.DisableEncodeUrlFilter@5d3edf53, org.springframework.security.web.context.request.async.WebAsyncManagerIntegrationFilter@704bb623, org.springframework.security.web.context.SecurityContextHolderFilter@60ef3834, org.springframework.security.web.header.HeaderWriterFilter@489bd70c, org.springframework.web.filter.CorsFilter@5f0abfa7, com.domain.demo_backend.util.JwtAuthenticationFilter@12a88c1b, org.springframework.security.web.savedrequest.RequestCacheAwareFilter@26692a42, org.springframework.security.web.servletapi.SecurityContextHolderAwareRequestFilter@4b299136, org.springframework.security.web.authentication.AnonymousAuthenticationFilter@39c71d5a, org.springframework.security.web.access.ExceptionTranslationFilter@2e3d5789, org.springframework.security.web.access.intercept.AuthorizationFilter@734bd26d]
2025-03-09 01:31:26 [restartedMain] WARN  o.s.b.d.a.OptionalLiveReloadServer - Unable to start LiveReload server
2025-03-09 01:31:27 [restartedMain] INFO  o.a.coyote.http11.Http11NioProtocol - Starting ProtocolHandler ["http-nio-8080"]
2025-03-09 01:31:27 [restartedMain] WARN  o.s.b.w.s.c.AnnotationConfigServletWebServerApplicationContext - Exception encountered during context initialization - cancelling refresh attempt: org.springframework.context.ApplicationContextException: Failed to start bean 'webServerStartStop'
2025-03-09 01:31:27 [restartedMain] INFO  o.a.coyote.http11.Http11NioProtocol - Pausing ProtocolHandler ["http-nio-8080"]
2025-03-09 01:31:27 [restartedMain] INFO  o.a.catalina.core.StandardService - Stopping service [Tomcat]
2025-03-09 01:31:27 [restartedMain] INFO  o.a.coyote.http11.Http11NioProtocol - Stopping ProtocolHandler ["http-nio-8080"]
2025-03-09 01:31:27 [restartedMain] INFO  o.a.coyote.http11.Http11NioProtocol - Destroying ProtocolHandler ["http-nio-8080"]
2025-03-09 01:31:27 [restartedMain] INFO  o.s.b.a.l.ConditionEvaluationReportLogger - 

Error starting ApplicationContext. To display the condition evaluation report re-run your application with 'debug' enabled.
2025-03-09 01:31:27 [restartedMain] ERROR o.s.b.d.LoggingFailureAnalysisReporter - 

***************************
APPLICATION FAILED TO START
***************************

Description:

Web server failed to start. Port 8080 was already in use.

Action:

Identify and stop the process that's listening on port 8080 or configure this application to listen on another port.

2025-03-09 01:41:19 [File Watcher] INFO  o.s.b.d.a.LocalDevToolsAutoConfiguration$RestartingClassPathChangeChangedEventListener - Restarting due to 1 class path change (0 additions, 0 deletions, 1 modification)
2025-03-09 01:41:19 [Thread-11] INFO  o.a.coyote.http11.Http11NioProtocol - Pausing ProtocolHandler ["http-nio-8080"]
2025-03-09 01:41:19 [Thread-11] INFO  o.a.catalina.core.StandardService - Stopping service [Tomcat]
2025-03-09 01:41:19 [Thread-11] INFO  o.a.coyote.http11.Http11NioProtocol - Stopping ProtocolHandler ["http-nio-8080"]
2025-03-09 01:41:19 [Thread-11] INFO  o.a.coyote.http11.Http11NioProtocol - Destroying ProtocolHandler ["http-nio-8080"]
2025-03-09 01:41:19 [restartedMain] INFO  c.d.d.DemoBackendApplication - Starting DemoBackendApplication using Java 17.0.12 with PID 7376 (C:\Users\leeyu\Project\speak_diary\demo_spring_Vue\Ai-Diary-server\target\classes started by Lee in C:\Users\leeyu\Project\speak_diary\demo_spring_Vue)
2025-03-09 01:41:19 [restartedMain] INFO  c.d.d.DemoBackendApplication - No active profile set, falling back to 1 default profile: "default"
2025-03-09 01:41:20 [restartedMain] DEBUG o.m.s.mapper.ClassPathMapperScanner - Identified candidate component class: file [C:\Users\leeyu\Project\speak_diary\demo_spring_Vue\Ai-Diary-server\target\classes\com\domain\demo_backend\mapper\DiaryMapper.class]
2025-03-09 01:41:20 [restartedMain] DEBUG o.m.s.mapper.ClassPathMapperScanner - Identified candidate component class: file [C:\Users\leeyu\Project\speak_diary\demo_spring_Vue\Ai-Diary-server\target\classes\com\domain\demo_backend\mapper\UserMapper.class]
2025-03-09 01:41:20 [restartedMain] DEBUG o.m.s.mapper.ClassPathMapperScanner - Creating MapperFactoryBean with name 'diaryMapper' and 'com.domain.demo_backend.mapper.DiaryMapper' mapperInterface
2025-03-09 01:41:20 [restartedMain] DEBUG o.m.s.mapper.ClassPathMapperScanner - Enabling autowire by type for MapperFactoryBean with name 'diaryMapper'.
2025-03-09 01:41:20 [restartedMain] DEBUG o.m.s.mapper.ClassPathMapperScanner - Creating MapperFactoryBean with name 'userMapper' and 'com.domain.demo_backend.mapper.UserMapper' mapperInterface
2025-03-09 01:41:20 [restartedMain] DEBUG o.m.s.mapper.ClassPathMapperScanner - Enabling autowire by type for MapperFactoryBean with name 'userMapper'.
2025-03-09 01:41:20 [restartedMain] INFO  o.s.b.w.e.tomcat.TomcatWebServer - Tomcat initialized with port(s): 8080 (http)
2025-03-09 01:41:20 [restartedMain] INFO  o.a.coyote.http11.Http11NioProtocol - Initializing ProtocolHandler ["http-nio-8080"]
2025-03-09 01:41:20 [restartedMain] INFO  o.a.catalina.core.StandardService - Starting service [Tomcat]
2025-03-09 01:41:20 [restartedMain] INFO  o.a.catalina.core.StandardEngine - Starting Servlet engine: [Apache Tomcat/10.1.13]
2025-03-09 01:41:21 [restartedMain] INFO  o.a.c.c.C.[Tomcat].[localhost].[/] - Initializing Spring embedded WebApplicationContext
2025-03-09 01:41:21 [restartedMain] INFO  o.s.b.w.s.c.ServletWebServerApplicationContext - Root WebApplicationContext: initialization completed in 1278 ms
2025-03-09 01:41:21 [restartedMain] DEBUG o.m.spring.SqlSessionFactoryBean - Parsed mapper file: 'file [C:\Users\leeyu\Project\speak_diary\demo_spring_Vue\Ai-Diary-server\target\classes\mappers\DiaryMapper.xml]'
2025-03-09 01:41:21 [restartedMain] DEBUG o.m.spring.SqlSessionFactoryBean - Parsed mapper file: 'file [C:\Users\leeyu\Project\speak_diary\demo_spring_Vue\Ai-Diary-server\target\classes\mappers\UserMapper.xml]'
2025-03-09 01:41:21 [restartedMain] WARN  o.s.b.w.s.c.AnnotationConfigServletWebServerApplicationContext - Exception encountered during context initialization - cancelling refresh attempt: org.springframework.beans.factory.UnsatisfiedDependencyException: Error creating bean with name 'authController' defined in file [C:\Users\leeyu\Project\speak_diary\demo_spring_Vue\Ai-Diary-server\target\classes\com\domain\demo_backend\controller\AuthController.class]: Unsatisfied dependency expressed through constructor parameter 0: Error creating bean with name 'authService': Lookup method resolution failed
2025-03-09 01:41:21 [restartedMain] INFO  o.a.catalina.core.StandardService - Stopping service [Tomcat]
2025-03-09 01:41:21 [restartedMain] INFO  o.s.b.a.l.ConditionEvaluationReportLogger - 

Error starting ApplicationContext. To display the condition evaluation report re-run your application with 'debug' enabled.
2025-03-09 01:41:21 [restartedMain] ERROR o.s.boot.SpringApplication - Application run failed
org.springframework.beans.factory.UnsatisfiedDependencyException: Error creating bean with name 'authController' defined in file [C:\Users\leeyu\Project\speak_diary\demo_spring_Vue\Ai-Diary-server\target\classes\com\domain\demo_backend\controller\AuthController.class]: Unsatisfied dependency expressed through constructor parameter 0: Error creating bean with name 'authService': Lookup method resolution failed
	at org.springframework.beans.factory.support.ConstructorResolver.createArgumentArray(ConstructorResolver.java:801)
	at org.springframework.beans.factory.support.ConstructorResolver.autowireConstructor(ConstructorResolver.java:240)
	at org.springframework.beans.factory.support.AbstractAutowireCapableBeanFactory.autowireConstructor(AbstractAutowireCapableBeanFactory.java:1352)
	at org.springframework.beans.factory.support.AbstractAutowireCapableBeanFactory.createBeanInstance(AbstractAutowireCapableBeanFactory.java:1189)
	at org.springframework.beans.factory.support.AbstractAutowireCapableBeanFactory.doCreateBean(AbstractAutowireCapableBeanFactory.java:560)
	at org.springframework.beans.factory.support.AbstractAutowireCapableBeanFactory.createBean(AbstractAutowireCapableBeanFactory.java:520)
	at org.springframework.beans.factory.support.AbstractBeanFactory.lambda$doGetBean$0(AbstractBeanFactory.java:325)
	at org.springframework.beans.factory.support.DefaultSingletonBeanRegistry.getSingleton(DefaultSingletonBeanRegistry.java:234)
	at org.springframework.beans.factory.support.AbstractBeanFactory.doGetBean(AbstractBeanFactory.java:323)
	at org.springframework.beans.factory.support.AbstractBeanFactory.getBean(AbstractBeanFactory.java:199)
	at org.springframework.beans.factory.support.DefaultListableBeanFactory.preInstantiateSingletons(DefaultListableBeanFactory.java:973)
	at org.springframework.context.support.AbstractApplicationContext.finishBeanFactoryInitialization(AbstractApplicationContext.java:942)
	at org.springframework.context.support.AbstractApplicationContext.refresh(AbstractApplicationContext.java:608)
	at org.springframework.boot.web.servlet.context.ServletWebServerApplicationContext.refresh(ServletWebServerApplicationContext.java:146)
	at org.springframework.boot.SpringApplication.refresh(SpringApplication.java:737)
	at org.springframework.boot.SpringApplication.refreshContext(SpringApplication.java:439)
	at org.springframework.boot.SpringApplication.run(SpringApplication.java:315)
	at org.springframework.boot.SpringApplication.run(SpringApplication.java:1309)
	at org.springframework.boot.SpringApplication.run(SpringApplication.java:1298)
	at com.domain.demo_backend.DemoBackendApplication.main(DemoBackendApplication.java:12)
	at java.base/jdk.internal.reflect.NativeMethodAccessorImpl.invoke0(Native Method)
	at java.base/jdk.internal.reflect.NativeMethodAccessorImpl.invoke(NativeMethodAccessorImpl.java:77)
	at java.base/jdk.internal.reflect.DelegatingMethodAccessorImpl.invoke(DelegatingMethodAccessorImpl.java:43)
	at java.base/java.lang.reflect.Method.invoke(Method.java:568)
	at org.springframework.boot.devtools.restart.RestartLauncher.run(RestartLauncher.java:50)
Caused by: org.springframework.beans.factory.BeanCreationException: Error creating bean with name 'authService': Lookup method resolution failed
	at org.springframework.beans.factory.annotation.AutowiredAnnotationBeanPostProcessor.checkLookupMethods(AutowiredAnnotationBeanPostProcessor.java:481)
	at org.springframework.beans.factory.annotation.AutowiredAnnotationBeanPostProcessor.determineCandidateConstructors(AutowiredAnnotationBeanPostProcessor.java:351)
	at org.springframework.beans.factory.support.AbstractAutowireCapableBeanFactory.determineConstructorsFromBeanPostProcessors(AbstractAutowireCapableBeanFactory.java:1291)
	at org.springframework.beans.factory.support.AbstractAutowireCapableBeanFactory.createBeanInstance(AbstractAutowireCapableBeanFactory.java:1186)
	at org.springframework.beans.factory.support.AbstractAutowireCapableBeanFactory.doCreateBean(AbstractAutowireCapableBeanFactory.java:560)
	at org.springframework.beans.factory.support.AbstractAutowireCapableBeanFactory.createBean(AbstractAutowireCapableBeanFactory.java:520)
	at org.springframework.beans.factory.support.AbstractBeanFactory.lambda$doGetBean$0(AbstractBeanFactory.java:325)
	at org.springframework.beans.factory.support.DefaultSingletonBeanRegistry.getSingleton(DefaultSingletonBeanRegistry.java:234)
	at org.springframework.beans.factory.support.AbstractBeanFactory.doGetBean(AbstractBeanFactory.java:323)
	at org.springframework.beans.factory.support.AbstractBeanFactory.getBean(AbstractBeanFactory.java:199)
	at org.springframework.beans.factory.config.DependencyDescriptor.resolveCandidate(DependencyDescriptor.java:254)
	at org.springframework.beans.factory.support.DefaultListableBeanFactory.doResolveDependency(DefaultListableBeanFactory.java:1417)
	at org.springframework.beans.factory.support.DefaultListableBeanFactory.resolveDependency(DefaultListableBeanFactory.java:1337)
	at org.springframework.beans.factory.support.ConstructorResolver.resolveAutowiredArgument(ConstructorResolver.java:910)
	at org.springframework.beans.factory.support.ConstructorResolver.createArgumentArray(ConstructorResolver.java:788)
	... 24 common frames omitted
Caused by: java.lang.IllegalStateException: Failed to introspect Class [com.domain.demo_backend.service.AuthService] from ClassLoader [org.springframework.boot.devtools.restart.classloader.RestartClassLoader@37898eb9]
	at org.springframework.util.ReflectionUtils.getDeclaredMethods(ReflectionUtils.java:483)
	at org.springframework.util.ReflectionUtils.doWithLocalMethods(ReflectionUtils.java:320)
	at org.springframework.beans.factory.annotation.AutowiredAnnotationBeanPostProcessor.checkLookupMethods(AutowiredAnnotationBeanPostProcessor.java:459)
	... 38 common frames omitted
Caused by: java.lang.NoClassDefFoundError: com/domain/demo_backend/service/AuthService$DuplicateEmailException
	at java.base/java.lang.Class.getDeclaredMethods0(Native Method)
	at java.base/java.lang.Class.privateGetDeclaredMethods(Class.java:3402)
	at java.base/java.lang.Class.getDeclaredMethods(Class.java:2504)
	at org.springframework.util.ReflectionUtils.getDeclaredMethods(ReflectionUtils.java:465)
	... 40 common frames omitted
Caused by: java.lang.ClassNotFoundException: com.domain.demo_backend.service.AuthService$DuplicateEmailException
	at java.base/jdk.internal.loader.BuiltinClassLoader.loadClass(BuiltinClassLoader.java:641)
	at java.base/jdk.internal.loader.ClassLoaders$AppClassLoader.loadClass(ClassLoaders.java:188)
	at java.base/java.lang.ClassLoader.loadClass(ClassLoader.java:525)
	at java.base/java.lang.Class.forName0(Native Method)
	at java.base/java.lang.Class.forName(Class.java:467)
	at org.springframework.boot.devtools.restart.classloader.RestartClassLoader.loadClass(RestartClassLoader.java:121)
	at java.base/java.lang.ClassLoader.loadClass(ClassLoader.java:525)
	... 44 common frames omitted
2025-03-09 01:41:24 [restartedMain] INFO  c.d.d.DemoBackendApplication - Starting DemoBackendApplication using Java 17.0.12 with PID 7376 (C:\Users\leeyu\Project\speak_diary\demo_spring_Vue\Ai-Diary-server\target\classes started by Lee in C:\Users\leeyu\Project\speak_diary\demo_spring_Vue)
2025-03-09 01:41:24 [restartedMain] INFO  c.d.d.DemoBackendApplication - No active profile set, falling back to 1 default profile: "default"
2025-03-09 01:41:27 [restartedMain] DEBUG o.m.s.mapper.ClassPathMapperScanner - Identified candidate component class: file [C:\Users\leeyu\Project\speak_diary\demo_spring_Vue\Ai-Diary-server\target\classes\com\domain\demo_backend\mapper\DiaryMapper.class]
2025-03-09 01:41:27 [restartedMain] DEBUG o.m.s.mapper.ClassPathMapperScanner - Creating MapperFactoryBean with name 'diaryMapper' and 'com.domain.demo_backend.mapper.DiaryMapper' mapperInterface
2025-03-09 01:41:27 [restartedMain] DEBUG o.m.s.mapper.ClassPathMapperScanner - Enabling autowire by type for MapperFactoryBean with name 'diaryMapper'.
2025-03-09 01:41:27 [restartedMain] INFO  o.s.b.w.e.tomcat.TomcatWebServer - Tomcat initialized with port(s): 8080 (http)
2025-03-09 01:41:27 [restartedMain] INFO  o.a.coyote.http11.Http11NioProtocol - Initializing ProtocolHandler ["http-nio-8080"]
2025-03-09 01:41:27 [restartedMain] INFO  o.a.catalina.core.StandardService - Starting service [Tomcat]
2025-03-09 01:41:27 [restartedMain] INFO  o.a.catalina.core.StandardEngine - Starting Servlet engine: [Apache Tomcat/10.1.13]
2025-03-09 01:41:27 [restartedMain] INFO  o.a.c.c.C.[Tomcat-1].[localhost].[/] - Initializing Spring embedded WebApplicationContext
2025-03-09 01:41:27 [restartedMain] INFO  o.s.b.w.s.c.ServletWebServerApplicationContext - Root WebApplicationContext: initialization completed in 3072 ms
2025-03-09 01:41:27 [restartedMain] WARN  o.s.b.w.s.c.AnnotationConfigServletWebServerApplicationContext - Exception encountered during context initialization - cancelling refresh attempt: org.springframework.beans.factory.BeanCreationException: Error creating bean with name 'customUserDetailsService': Resolution of declared constructors on bean Class [com.domain.demo_backend.config.CustomUserDetailsService] from ClassLoader [org.springframework.boot.devtools.restart.classloader.RestartClassLoader@78aaad28] failed
2025-03-09 01:41:27 [restartedMain] INFO  o.a.catalina.core.StandardService - Stopping service [Tomcat]
2025-03-09 01:41:27 [restartedMain] INFO  o.s.b.a.l.ConditionEvaluationReportLogger - 

Error starting ApplicationContext. To display the condition evaluation report re-run your application with 'debug' enabled.
2025-03-09 01:41:28 [restartedMain] ERROR o.s.boot.SpringApplication - Application run failed
org.springframework.beans.factory.BeanCreationException: Error creating bean with name 'customUserDetailsService': Resolution of declared constructors on bean Class [com.domain.demo_backend.config.CustomUserDetailsService] from ClassLoader [org.springframework.boot.devtools.restart.classloader.RestartClassLoader@78aaad28] failed
	at org.springframework.beans.factory.annotation.AutowiredAnnotationBeanPostProcessor.determineCandidateConstructors(AutowiredAnnotationBeanPostProcessor.java:367)
	at org.springframework.beans.factory.support.AbstractAutowireCapableBeanFactory.determineConstructorsFromBeanPostProcessors(AbstractAutowireCapableBeanFactory.java:1291)
	at org.springframework.beans.factory.support.AbstractAutowireCapableBeanFactory.createBeanInstance(AbstractAutowireCapableBeanFactory.java:1186)
	at org.springframework.beans.factory.support.AbstractAutowireCapableBeanFactory.doCreateBean(AbstractAutowireCapableBeanFactory.java:560)
	at org.springframework.beans.factory.support.AbstractAutowireCapableBeanFactory.createBean(AbstractAutowireCapableBeanFactory.java:520)
	at org.springframework.beans.factory.support.AbstractBeanFactory.lambda$doGetBean$0(AbstractBeanFactory.java:325)
	at org.springframework.beans.factory.support.DefaultSingletonBeanRegistry.getSingleton(DefaultSingletonBeanRegistry.java:234)
	at org.springframework.beans.factory.support.AbstractBeanFactory.doGetBean(AbstractBeanFactory.java:323)
	at org.springframework.beans.factory.support.AbstractBeanFactory.getBean(AbstractBeanFactory.java:199)
	at org.springframework.beans.factory.support.DefaultListableBeanFactory.preInstantiateSingletons(DefaultListableBeanFactory.java:973)
	at org.springframework.context.support.AbstractApplicationContext.finishBeanFactoryInitialization(AbstractApplicationContext.java:942)
	at org.springframework.context.support.AbstractApplicationContext.refresh(AbstractApplicationContext.java:608)
	at org.springframework.boot.web.servlet.context.ServletWebServerApplicationContext.refresh(ServletWebServerApplicationContext.java:146)
	at org.springframework.boot.SpringApplication.refresh(SpringApplication.java:737)
	at org.springframework.boot.SpringApplication.refreshContext(SpringApplication.java:439)
	at org.springframework.boot.SpringApplication.run(SpringApplication.java:315)
	at org.springframework.boot.SpringApplication.run(SpringApplication.java:1309)
	at org.springframework.boot.SpringApplication.run(SpringApplication.java:1298)
	at com.domain.demo_backend.DemoBackendApplication.main(DemoBackendApplication.java:12)
	at java.base/jdk.internal.reflect.NativeMethodAccessorImpl.invoke0(Native Method)
	at java.base/jdk.internal.reflect.NativeMethodAccessorImpl.invoke(NativeMethodAccessorImpl.java:77)
	at java.base/jdk.internal.reflect.DelegatingMethodAccessorImpl.invoke(DelegatingMethodAccessorImpl.java:43)
	at java.base/java.lang.reflect.Method.invoke(Method.java:568)
	at org.springframework.boot.devtools.restart.RestartLauncher.run(RestartLauncher.java:50)
Caused by: java.lang.NoClassDefFoundError: com/domain/demo_backend/mapper/UserMapper
	at java.base/java.lang.Class.getDeclaredConstructors0(Native Method)
	at java.base/java.lang.Class.privateGetDeclaredConstructors(Class.java:3373)
	at java.base/java.lang.Class.getDeclaredConstructors(Class.java:2555)
	at org.springframework.beans.factory.annotation.AutowiredAnnotationBeanPostProcessor.determineCandidateConstructors(AutowiredAnnotationBeanPostProcessor.java:362)
	... 23 common frames omitted
Caused by: java.lang.ClassNotFoundException: com.domain.demo_backend.mapper.UserMapper
	at java.base/jdk.internal.loader.BuiltinClassLoader.loadClass(BuiltinClassLoader.java:641)
	at java.base/jdk.internal.loader.ClassLoaders$AppClassLoader.loadClass(ClassLoaders.java:188)
	at java.base/java.lang.ClassLoader.loadClass(ClassLoader.java:525)
	at java.base/java.lang.Class.forName0(Native Method)
	at java.base/java.lang.Class.forName(Class.java:467)
	at org.springframework.boot.devtools.restart.classloader.RestartClassLoader.loadClass(RestartClassLoader.java:121)
	at java.base/java.lang.ClassLoader.loadClass(ClassLoader.java:525)
	... 27 common frames omitted
2025-03-09 01:41:51 [restartedMain] INFO  c.d.d.DemoBackendApplication - Starting DemoBackendApplication using Java 17.0.12 with PID 7376 (C:\Users\leeyu\Project\speak_diary\demo_spring_Vue\Ai-Diary-server\target\classes started by Lee in C:\Users\leeyu\Project\speak_diary\demo_spring_Vue)
2025-03-09 01:41:51 [restartedMain] INFO  c.d.d.DemoBackendApplication - No active profile set, falling back to 1 default profile: "default"
2025-03-09 01:41:54 [restartedMain] DEBUG o.m.s.mapper.ClassPathMapperScanner - Identified candidate component class: file [C:\Users\leeyu\Project\speak_diary\demo_spring_Vue\Ai-Diary-server\target\classes\com\domain\demo_backend\mapper\DiaryMapper.class]
2025-03-09 01:41:54 [restartedMain] DEBUG o.m.s.mapper.ClassPathMapperScanner - Identified candidate component class: file [C:\Users\leeyu\Project\speak_diary\demo_spring_Vue\Ai-Diary-server\target\classes\com\domain\demo_backend\mapper\UserMapper.class]
2025-03-09 01:41:54 [restartedMain] DEBUG o.m.s.mapper.ClassPathMapperScanner - Creating MapperFactoryBean with name 'diaryMapper' and 'com.domain.demo_backend.mapper.DiaryMapper' mapperInterface
2025-03-09 01:41:54 [restartedMain] DEBUG o.m.s.mapper.ClassPathMapperScanner - Enabling autowire by type for MapperFactoryBean with name 'diaryMapper'.
2025-03-09 01:41:54 [restartedMain] DEBUG o.m.s.mapper.ClassPathMapperScanner - Creating MapperFactoryBean with name 'userMapper' and 'com.domain.demo_backend.mapper.UserMapper' mapperInterface
2025-03-09 01:41:54 [restartedMain] DEBUG o.m.s.mapper.ClassPathMapperScanner - Enabling autowire by type for MapperFactoryBean with name 'userMapper'.
2025-03-09 01:41:54 [restartedMain] INFO  o.s.b.w.e.tomcat.TomcatWebServer - Tomcat initialized with port(s): 8080 (http)
2025-03-09 01:41:54 [restartedMain] INFO  o.a.coyote.http11.Http11NioProtocol - Initializing ProtocolHandler ["http-nio-8080"]
2025-03-09 01:41:54 [restartedMain] INFO  o.a.catalina.core.StandardService - Starting service [Tomcat]
2025-03-09 01:41:54 [restartedMain] INFO  o.a.catalina.core.StandardEngine - Starting Servlet engine: [Apache Tomcat/10.1.13]
2025-03-09 01:41:54 [restartedMain] INFO  o.a.c.c.C.[Tomcat-2].[localhost].[/] - Initializing Spring embedded WebApplicationContext
2025-03-09 01:41:54 [restartedMain] INFO  o.s.b.w.s.c.ServletWebServerApplicationContext - Root WebApplicationContext: initialization completed in 2695 ms
2025-03-09 01:41:55 [restartedMain] DEBUG o.m.spring.SqlSessionFactoryBean - Parsed mapper file: 'file [C:\Users\leeyu\Project\speak_diary\demo_spring_Vue\Ai-Diary-server\target\classes\mappers\DiaryMapper.xml]'
2025-03-09 01:41:55 [restartedMain] DEBUG o.m.spring.SqlSessionFactoryBean - Parsed mapper file: 'file [C:\Users\leeyu\Project\speak_diary\demo_spring_Vue\Ai-Diary-server\target\classes\mappers\UserMapper.xml]'
2025-03-09 01:41:55 [restartedMain] WARN  o.s.b.w.s.c.AnnotationConfigServletWebServerApplicationContext - Exception encountered during context initialization - cancelling refresh attempt: org.springframework.beans.factory.BeanCreationException: Error creating bean with name 'authController': Resolution of declared constructors on bean Class [com.domain.demo_backend.controller.AuthController] from ClassLoader [org.springframework.boot.devtools.restart.classloader.RestartClassLoader@408aefe0] failed
2025-03-09 01:41:55 [restartedMain] INFO  o.a.catalina.core.StandardService - Stopping service [Tomcat]
2025-03-09 01:41:55 [restartedMain] INFO  o.s.b.a.l.ConditionEvaluationReportLogger - 

Error starting ApplicationContext. To display the condition evaluation report re-run your application with 'debug' enabled.
2025-03-09 01:41:55 [restartedMain] ERROR o.s.boot.SpringApplication - Application run failed
org.springframework.beans.factory.BeanCreationException: Error creating bean with name 'authController': Resolution of declared constructors on bean Class [com.domain.demo_backend.controller.AuthController] from ClassLoader [org.springframework.boot.devtools.restart.classloader.RestartClassLoader@408aefe0] failed
	at org.springframework.beans.factory.annotation.AutowiredAnnotationBeanPostProcessor.determineCandidateConstructors(AutowiredAnnotationBeanPostProcessor.java:367)
	at org.springframework.beans.factory.support.AbstractAutowireCapableBeanFactory.determineConstructorsFromBeanPostProcessors(AbstractAutowireCapableBeanFactory.java:1291)
	at org.springframework.beans.factory.support.AbstractAutowireCapableBeanFactory.createBeanInstance(AbstractAutowireCapableBeanFactory.java:1186)
	at org.springframework.beans.factory.support.AbstractAutowireCapableBeanFactory.doCreateBean(AbstractAutowireCapableBeanFactory.java:560)
	at org.springframework.beans.factory.support.AbstractAutowireCapableBeanFactory.createBean(AbstractAutowireCapableBeanFactory.java:520)
	at org.springframework.beans.factory.support.AbstractBeanFactory.lambda$doGetBean$0(AbstractBeanFactory.java:325)
	at org.springframework.beans.factory.support.DefaultSingletonBeanRegistry.getSingleton(DefaultSingletonBeanRegistry.java:234)
	at org.springframework.beans.factory.support.AbstractBeanFactory.doGetBean(AbstractBeanFactory.java:323)
	at org.springframework.beans.factory.support.AbstractBeanFactory.getBean(AbstractBeanFactory.java:199)
	at org.springframework.beans.factory.support.DefaultListableBeanFactory.preInstantiateSingletons(DefaultListableBeanFactory.java:973)
	at org.springframework.context.support.AbstractApplicationContext.finishBeanFactoryInitialization(AbstractApplicationContext.java:942)
	at org.springframework.context.support.AbstractApplicationContext.refresh(AbstractApplicationContext.java:608)
	at org.springframework.boot.web.servlet.context.ServletWebServerApplicationContext.refresh(ServletWebServerApplicationContext.java:146)
	at org.springframework.boot.SpringApplication.refresh(SpringApplication.java:737)
	at org.springframework.boot.SpringApplication.refreshContext(SpringApplication.java:439)
	at org.springframework.boot.SpringApplication.run(SpringApplication.java:315)
	at org.springframework.boot.SpringApplication.run(SpringApplication.java:1309)
	at org.springframework.boot.SpringApplication.run(SpringApplication.java:1298)
	at com.domain.demo_backend.DemoBackendApplication.main(DemoBackendApplication.java:12)
	at java.base/jdk.internal.reflect.NativeMethodAccessorImpl.invoke0(Native Method)
	at java.base/jdk.internal.reflect.NativeMethodAccessorImpl.invoke(NativeMethodAccessorImpl.java:77)
	at java.base/jdk.internal.reflect.DelegatingMethodAccessorImpl.invoke(DelegatingMethodAccessorImpl.java:43)
	at java.base/java.lang.reflect.Method.invoke(Method.java:568)
	at org.springframework.boot.devtools.restart.RestartLauncher.run(RestartLauncher.java:50)
Caused by: java.lang.NoClassDefFoundError: com/domain/demo_backend/service/AuthService
	at java.base/java.lang.Class.getDeclaredConstructors0(Native Method)
	at java.base/java.lang.Class.privateGetDeclaredConstructors(Class.java:3373)
	at java.base/java.lang.Class.getDeclaredConstructors(Class.java:2555)
	at org.springframework.beans.factory.annotation.AutowiredAnnotationBeanPostProcessor.determineCandidateConstructors(AutowiredAnnotationBeanPostProcessor.java:362)
	... 23 common frames omitted
Caused by: java.lang.ClassNotFoundException: com.domain.demo_backend.service.AuthService
	at java.base/jdk.internal.loader.BuiltinClassLoader.loadClass(BuiltinClassLoader.java:641)
	at java.base/jdk.internal.loader.ClassLoaders$AppClassLoader.loadClass(ClassLoaders.java:188)
	at java.base/java.lang.ClassLoader.loadClass(ClassLoader.java:525)
	at java.base/java.lang.Class.forName0(Native Method)
	at java.base/java.lang.Class.forName(Class.java:467)
	at org.springframework.boot.devtools.restart.classloader.RestartClassLoader.loadClass(RestartClassLoader.java:121)
	at java.base/java.lang.ClassLoader.loadClass(ClassLoader.java:525)
	... 27 common frames omitted
2025-03-09 01:45:24 [restartedMain] INFO  c.d.d.DemoBackendApplication - Starting DemoBackendApplication using Java 17.0.12 with PID 7376 (C:\Users\leeyu\Project\speak_diary\demo_spring_Vue\Ai-Diary-server\target\classes started by Lee in C:\Users\leeyu\Project\speak_diary\demo_spring_Vue)
2025-03-09 01:45:24 [restartedMain] INFO  c.d.d.DemoBackendApplication - No active profile set, falling back to 1 default profile: "default"
2025-03-09 01:45:26 [restartedMain] DEBUG o.m.s.mapper.ClassPathMapperScanner - Identified candidate component class: file [C:\Users\leeyu\Project\speak_diary\demo_spring_Vue\Ai-Diary-server\target\classes\com\domain\demo_backend\mapper\DiaryMapper.class]
2025-03-09 01:45:26 [restartedMain] DEBUG o.m.s.mapper.ClassPathMapperScanner - Creating MapperFactoryBean with name 'diaryMapper' and 'com.domain.demo_backend.mapper.DiaryMapper' mapperInterface
2025-03-09 01:45:26 [restartedMain] DEBUG o.m.s.mapper.ClassPathMapperScanner - Enabling autowire by type for MapperFactoryBean with name 'diaryMapper'.
2025-03-09 01:45:26 [restartedMain] INFO  o.s.b.w.e.tomcat.TomcatWebServer - Tomcat initialized with port(s): 8080 (http)
2025-03-09 01:45:26 [restartedMain] INFO  o.a.coyote.http11.Http11NioProtocol - Initializing ProtocolHandler ["http-nio-8080"]
2025-03-09 01:45:26 [restartedMain] INFO  o.a.catalina.core.StandardService - Starting service [Tomcat]
2025-03-09 01:45:26 [restartedMain] INFO  o.a.catalina.core.StandardEngine - Starting Servlet engine: [Apache Tomcat/10.1.13]
2025-03-09 01:45:26 [restartedMain] INFO  o.a.c.c.C.[Tomcat-3].[localhost].[/] - Initializing Spring embedded WebApplicationContext
2025-03-09 01:45:26 [restartedMain] INFO  o.s.b.w.s.c.ServletWebServerApplicationContext - Root WebApplicationContext: initialization completed in 2186 ms
2025-03-09 01:45:27 [restartedMain] WARN  o.s.b.w.s.c.AnnotationConfigServletWebServerApplicationContext - Exception encountered during context initialization - cancelling refresh attempt: org.springframework.beans.factory.BeanCreationException: Error creating bean with name 'customUserDetailsService': Resolution of declared constructors on bean Class [com.domain.demo_backend.config.CustomUserDetailsService] from ClassLoader [org.springframework.boot.devtools.restart.classloader.RestartClassLoader@3e240324] failed
2025-03-09 01:45:27 [restartedMain] INFO  o.a.catalina.core.StandardService - Stopping service [Tomcat]
2025-03-09 01:45:27 [restartedMain] INFO  o.s.b.a.l.ConditionEvaluationReportLogger - 

Error starting ApplicationContext. To display the condition evaluation report re-run your application with 'debug' enabled.
2025-03-09 01:45:27 [restartedMain] ERROR o.s.boot.SpringApplication - Application run failed
org.springframework.beans.factory.BeanCreationException: Error creating bean with name 'customUserDetailsService': Resolution of declared constructors on bean Class [com.domain.demo_backend.config.CustomUserDetailsService] from ClassLoader [org.springframework.boot.devtools.restart.classloader.RestartClassLoader@3e240324] failed
	at org.springframework.beans.factory.annotation.AutowiredAnnotationBeanPostProcessor.determineCandidateConstructors(AutowiredAnnotationBeanPostProcessor.java:367)
	at org.springframework.beans.factory.support.AbstractAutowireCapableBeanFactory.determineConstructorsFromBeanPostProcessors(AbstractAutowireCapableBeanFactory.java:1291)
	at org.springframework.beans.factory.support.AbstractAutowireCapableBeanFactory.createBeanInstance(AbstractAutowireCapableBeanFactory.java:1186)
	at org.springframework.beans.factory.support.AbstractAutowireCapableBeanFactory.doCreateBean(AbstractAutowireCapableBeanFactory.java:560)
	at org.springframework.beans.factory.support.AbstractAutowireCapableBeanFactory.createBean(AbstractAutowireCapableBeanFactory.java:520)
	at org.springframework.beans.factory.support.AbstractBeanFactory.lambda$doGetBean$0(AbstractBeanFactory.java:325)
	at org.springframework.beans.factory.support.DefaultSingletonBeanRegistry.getSingleton(DefaultSingletonBeanRegistry.java:234)
	at org.springframework.beans.factory.support.AbstractBeanFactory.doGetBean(AbstractBeanFactory.java:323)
	at org.springframework.beans.factory.support.AbstractBeanFactory.getBean(AbstractBeanFactory.java:199)
	at org.springframework.beans.factory.support.DefaultListableBeanFactory.preInstantiateSingletons(DefaultListableBeanFactory.java:973)
	at org.springframework.context.support.AbstractApplicationContext.finishBeanFactoryInitialization(AbstractApplicationContext.java:942)
	at org.springframework.context.support.AbstractApplicationContext.refresh(AbstractApplicationContext.java:608)
	at org.springframework.boot.web.servlet.context.ServletWebServerApplicationContext.refresh(ServletWebServerApplicationContext.java:146)
	at org.springframework.boot.SpringApplication.refresh(SpringApplication.java:737)
	at org.springframework.boot.SpringApplication.refreshContext(SpringApplication.java:439)
	at org.springframework.boot.SpringApplication.run(SpringApplication.java:315)
	at org.springframework.boot.SpringApplication.run(SpringApplication.java:1309)
	at org.springframework.boot.SpringApplication.run(SpringApplication.java:1298)
	at com.domain.demo_backend.DemoBackendApplication.main(DemoBackendApplication.java:12)
	at java.base/jdk.internal.reflect.NativeMethodAccessorImpl.invoke0(Native Method)
	at java.base/jdk.internal.reflect.NativeMethodAccessorImpl.invoke(NativeMethodAccessorImpl.java:77)
	at java.base/jdk.internal.reflect.DelegatingMethodAccessorImpl.invoke(DelegatingMethodAccessorImpl.java:43)
	at java.base/java.lang.reflect.Method.invoke(Method.java:568)
	at org.springframework.boot.devtools.restart.RestartLauncher.run(RestartLauncher.java:50)
Caused by: java.lang.NoClassDefFoundError: com/domain/demo_backend/mapper/UserMapper
	at java.base/java.lang.Class.getDeclaredConstructors0(Native Method)
	at java.base/java.lang.Class.privateGetDeclaredConstructors(Class.java:3373)
	at java.base/java.lang.Class.getDeclaredConstructors(Class.java:2555)
	at org.springframework.beans.factory.annotation.AutowiredAnnotationBeanPostProcessor.determineCandidateConstructors(AutowiredAnnotationBeanPostProcessor.java:362)
	... 23 common frames omitted
Caused by: java.lang.ClassNotFoundException: com.domain.demo_backend.mapper.UserMapper
	at java.base/jdk.internal.loader.BuiltinClassLoader.loadClass(BuiltinClassLoader.java:641)
	at java.base/jdk.internal.loader.ClassLoaders$AppClassLoader.loadClass(ClassLoaders.java:188)
	at java.base/java.lang.ClassLoader.loadClass(ClassLoader.java:525)
	at java.base/java.lang.Class.forName0(Native Method)
	at java.base/java.lang.Class.forName(Class.java:467)
	at org.springframework.boot.devtools.restart.classloader.RestartClassLoader.loadClass(RestartClassLoader.java:121)
	at java.base/java.lang.ClassLoader.loadClass(ClassLoader.java:525)
	... 27 common frames omitted
2025-03-09 01:45:34 [restartedMain] INFO  c.d.d.DemoBackendApplication - Starting DemoBackendApplication using Java 17.0.12 with PID 7376 (C:\Users\leeyu\Project\speak_diary\demo_spring_Vue\Ai-Diary-server\target\classes started by Lee in C:\Users\leeyu\Project\speak_diary\demo_spring_Vue)
2025-03-09 01:45:34 [restartedMain] INFO  c.d.d.DemoBackendApplication - No active profile set, falling back to 1 default profile: "default"
2025-03-09 01:45:35 [restartedMain] DEBUG o.m.s.mapper.ClassPathMapperScanner - Identified candidate component class: file [C:\Users\leeyu\Project\speak_diary\demo_spring_Vue\Ai-Diary-server\target\classes\com\domain\demo_backend\mapper\DiaryMapper.class]
2025-03-09 01:45:35 [restartedMain] DEBUG o.m.s.mapper.ClassPathMapperScanner - Identified candidate component class: file [C:\Users\leeyu\Project\speak_diary\demo_spring_Vue\Ai-Diary-server\target\classes\com\domain\demo_backend\mapper\UserMapper.class]
2025-03-09 01:45:35 [restartedMain] DEBUG o.m.s.mapper.ClassPathMapperScanner - Creating MapperFactoryBean with name 'diaryMapper' and 'com.domain.demo_backend.mapper.DiaryMapper' mapperInterface
2025-03-09 01:45:35 [restartedMain] DEBUG o.m.s.mapper.ClassPathMapperScanner - Enabling autowire by type for MapperFactoryBean with name 'diaryMapper'.
2025-03-09 01:45:35 [restartedMain] DEBUG o.m.s.mapper.ClassPathMapperScanner - Creating MapperFactoryBean with name 'userMapper' and 'com.domain.demo_backend.mapper.UserMapper' mapperInterface
2025-03-09 01:45:35 [restartedMain] DEBUG o.m.s.mapper.ClassPathMapperScanner - Enabling autowire by type for MapperFactoryBean with name 'userMapper'.
2025-03-09 01:45:35 [restartedMain] INFO  o.s.b.w.e.tomcat.TomcatWebServer - Tomcat initialized with port(s): 8080 (http)
2025-03-09 01:45:35 [restartedMain] INFO  o.a.coyote.http11.Http11NioProtocol - Initializing ProtocolHandler ["http-nio-8080"]
2025-03-09 01:45:35 [restartedMain] INFO  o.a.catalina.core.StandardService - Starting service [Tomcat]
2025-03-09 01:45:35 [restartedMain] INFO  o.a.catalina.core.StandardEngine - Starting Servlet engine: [Apache Tomcat/10.1.13]
2025-03-09 01:45:35 [restartedMain] INFO  o.a.c.c.C.[Tomcat-4].[localhost].[/] - Initializing Spring embedded WebApplicationContext
2025-03-09 01:45:35 [restartedMain] INFO  o.s.b.w.s.c.ServletWebServerApplicationContext - Root WebApplicationContext: initialization completed in 1173 ms
2025-03-09 01:45:35 [restartedMain] DEBUG o.m.spring.SqlSessionFactoryBean - Parsed mapper file: 'file [C:\Users\leeyu\Project\speak_diary\demo_spring_Vue\Ai-Diary-server\target\classes\mappers\DiaryMapper.xml]'
2025-03-09 01:45:35 [restartedMain] DEBUG o.m.spring.SqlSessionFactoryBean - Parsed mapper file: 'file [C:\Users\leeyu\Project\speak_diary\demo_spring_Vue\Ai-Diary-server\target\classes\mappers\UserMapper.xml]'
2025-03-09 01:45:36 [restartedMain] INFO  o.s.s.web.DefaultSecurityFilterChain - Will secure any request with [org.springframework.security.web.session.DisableEncodeUrlFilter@6a6fada9, org.springframework.security.web.context.request.async.WebAsyncManagerIntegrationFilter@63c9d804, org.springframework.security.web.context.SecurityContextHolderFilter@6ed5cfc4, org.springframework.security.web.header.HeaderWriterFilter@50ee475e, org.springframework.web.filter.CorsFilter@47a1d8d9, com.domain.demo_backend.util.JwtAuthenticationFilter@42c4bda, org.springframework.security.web.savedrequest.RequestCacheAwareFilter@111a8859, org.springframework.security.web.servletapi.SecurityContextHolderAwareRequestFilter@5c4bdcbb, org.springframework.security.web.authentication.AnonymousAuthenticationFilter@13b9ac13, org.springframework.security.web.access.ExceptionTranslationFilter@290c920b, org.springframework.security.web.access.intercept.AuthorizationFilter@79e75532]
2025-03-09 01:45:36 [restartedMain] INFO  o.s.b.d.a.OptionalLiveReloadServer - LiveReload server is running on port 35729
2025-03-09 01:45:36 [restartedMain] INFO  o.a.coyote.http11.Http11NioProtocol - Starting ProtocolHandler ["http-nio-8080"]
2025-03-09 01:45:36 [restartedMain] INFO  o.s.b.w.e.tomcat.TomcatWebServer - Tomcat started on port(s): 8080 (http) with context path ''
2025-03-09 01:45:36 [restartedMain] INFO  c.d.d.DemoBackendApplication - Started DemoBackendApplication in 2.51 seconds (process running for 980.331)
2025-03-09 01:45:36 [restartedMain] INFO  o.s.b.d.a.ConditionEvaluationDeltaLoggingListener - Condition evaluation unchanged
2025-03-09 01:46:59 [File Watcher] INFO  o.s.b.d.a.LocalDevToolsAutoConfiguration$RestartingClassPathChangeChangedEventListener - Restarting due to 1 class path change (0 additions, 1 deletion, 0 modifications)
2025-03-09 01:47:00 [Thread-15] INFO  o.a.coyote.http11.Http11NioProtocol - Pausing ProtocolHandler ["http-nio-8080"]
2025-03-09 01:47:00 [Thread-15] INFO  o.a.catalina.core.StandardService - Stopping service [Tomcat]
2025-03-09 01:47:00 [Thread-15] INFO  o.a.coyote.http11.Http11NioProtocol - Stopping ProtocolHandler ["http-nio-8080"]
2025-03-09 01:47:00 [Thread-15] INFO  o.a.coyote.http11.Http11NioProtocol - Destroying ProtocolHandler ["http-nio-8080"]
2025-03-09 01:47:00 [restartedMain] INFO  c.d.d.DemoBackendApplication - Starting DemoBackendApplication using Java 17.0.12 with PID 7376 (C:\Users\leeyu\Project\speak_diary\demo_spring_Vue\Ai-Diary-server\target\classes started by Lee in C:\Users\leeyu\Project\speak_diary\demo_spring_Vue)
2025-03-09 01:47:00 [restartedMain] INFO  c.d.d.DemoBackendApplication - No active profile set, falling back to 1 default profile: "default"
2025-03-09 01:47:01 [restartedMain] DEBUG o.m.s.mapper.ClassPathMapperScanner - Identified candidate component class: file [C:\Users\leeyu\Project\speak_diary\demo_spring_Vue\Ai-Diary-server\target\classes\com\domain\demo_backend\mapper\DiaryMapper.class]
2025-03-09 01:47:01 [restartedMain] DEBUG o.m.s.mapper.ClassPathMapperScanner - Identified candidate component class: file [C:\Users\leeyu\Project\speak_diary\demo_spring_Vue\Ai-Diary-server\target\classes\com\domain\demo_backend\mapper\UserMapper.class]
2025-03-09 01:47:01 [restartedMain] DEBUG o.m.s.mapper.ClassPathMapperScanner - Creating MapperFactoryBean with name 'diaryMapper' and 'com.domain.demo_backend.mapper.DiaryMapper' mapperInterface
2025-03-09 01:47:01 [restartedMain] DEBUG o.m.s.mapper.ClassPathMapperScanner - Enabling autowire by type for MapperFactoryBean with name 'diaryMapper'.
2025-03-09 01:47:01 [restartedMain] DEBUG o.m.s.mapper.ClassPathMapperScanner - Creating MapperFactoryBean with name 'userMapper' and 'com.domain.demo_backend.mapper.UserMapper' mapperInterface
2025-03-09 01:47:01 [restartedMain] DEBUG o.m.s.mapper.ClassPathMapperScanner - Enabling autowire by type for MapperFactoryBean with name 'userMapper'.
2025-03-09 01:47:02 [restartedMain] INFO  o.s.b.w.e.tomcat.TomcatWebServer - Tomcat initialized with port(s): 8080 (http)
2025-03-09 01:47:02 [restartedMain] INFO  o.a.coyote.http11.Http11NioProtocol - Initializing ProtocolHandler ["http-nio-8080"]
2025-03-09 01:47:02 [restartedMain] INFO  o.a.catalina.core.StandardService - Starting service [Tomcat]
2025-03-09 01:47:02 [restartedMain] INFO  o.a.catalina.core.StandardEngine - Starting Servlet engine: [Apache Tomcat/10.1.13]
2025-03-09 01:47:02 [restartedMain] INFO  o.a.c.c.C.[Tomcat-4].[localhost].[/] - Initializing Spring embedded WebApplicationContext
2025-03-09 01:47:02 [restartedMain] INFO  o.s.b.w.s.c.ServletWebServerApplicationContext - Root WebApplicationContext: initialization completed in 1584 ms
2025-03-09 01:47:02 [restartedMain] DEBUG o.m.spring.SqlSessionFactoryBean - Parsed mapper file: 'file [C:\Users\leeyu\Project\speak_diary\demo_spring_Vue\Ai-Diary-server\target\classes\mappers\DiaryMapper.xml]'
2025-03-09 01:47:02 [restartedMain] DEBUG o.m.spring.SqlSessionFactoryBean - Parsed mapper file: 'file [C:\Users\leeyu\Project\speak_diary\demo_spring_Vue\Ai-Diary-server\target\classes\mappers\UserMapper.xml]'
2025-03-09 01:47:03 [restartedMain] INFO  o.s.s.web.DefaultSecurityFilterChain - Will secure any request with [org.springframework.security.web.session.DisableEncodeUrlFilter@6bfb3e51, org.springframework.security.web.context.request.async.WebAsyncManagerIntegrationFilter@2061f3e, org.springframework.security.web.context.SecurityContextHolderFilter@66857db5, org.springframework.security.web.header.HeaderWriterFilter@f4dd4eb, org.springframework.web.filter.CorsFilter@69d7403f, com.domain.demo_backend.util.JwtAuthenticationFilter@33b0dbe9, org.springframework.security.web.savedrequest.RequestCacheAwareFilter@3474e4b2, org.springframework.security.web.servletapi.SecurityContextHolderAwareRequestFilter@6e7bbf0e, org.springframework.security.web.authentication.AnonymousAuthenticationFilter@10b7278, org.springframework.security.web.access.ExceptionTranslationFilter@7c94d83a, org.springframework.security.web.access.intercept.AuthorizationFilter@62270357]
2025-03-09 01:47:03 [restartedMain] INFO  o.s.b.d.a.OptionalLiveReloadServer - LiveReload server is running on port 35729
2025-03-09 01:47:03 [restartedMain] INFO  o.a.coyote.http11.Http11NioProtocol - Starting ProtocolHandler ["http-nio-8080"]
2025-03-09 01:47:03 [restartedMain] INFO  o.s.b.w.e.tomcat.TomcatWebServer - Tomcat started on port(s): 8080 (http) with context path ''
2025-03-09 01:47:03 [restartedMain] INFO  c.d.d.DemoBackendApplication - Started DemoBackendApplication in 3.358 seconds (process running for 1067.27)
2025-03-09 01:47:03 [restartedMain] INFO  o.s.b.d.a.ConditionEvaluationDeltaLoggingListener - Condition evaluation unchanged
2025-03-09 01:54:47 [File Watcher] INFO  o.s.b.d.a.LocalDevToolsAutoConfiguration$RestartingClassPathChangeChangedEventListener - Restarting due to 1 class path change (1 addition, 0 deletions, 0 modifications)
2025-03-09 01:54:47 [Thread-31] INFO  o.a.coyote.http11.Http11NioProtocol - Pausing ProtocolHandler ["http-nio-8080"]
2025-03-09 01:54:47 [Thread-31] INFO  o.a.catalina.core.StandardService - Stopping service [Tomcat]
2025-03-09 01:54:47 [Thread-31] INFO  o.a.coyote.http11.Http11NioProtocol - Stopping ProtocolHandler ["http-nio-8080"]
2025-03-09 01:54:47 [Thread-31] INFO  o.a.coyote.http11.Http11NioProtocol - Destroying ProtocolHandler ["http-nio-8080"]
2025-03-09 01:54:47 [restartedMain] INFO  c.d.d.DemoBackendApplication - Starting DemoBackendApplication using Java 17.0.12 with PID 7376 (C:\Users\leeyu\Project\speak_diary\demo_spring_Vue\Ai-Diary-server\target\classes started by Lee in C:\Users\leeyu\Project\speak_diary\demo_spring_Vue)
2025-03-09 01:54:47 [restartedMain] INFO  c.d.d.DemoBackendApplication - No active profile set, falling back to 1 default profile: "default"
2025-03-09 01:54:50 [restartedMain] DEBUG o.m.s.mapper.ClassPathMapperScanner - Identified candidate component class: file [C:\Users\leeyu\Project\speak_diary\demo_spring_Vue\Ai-Diary-server\target\classes\com\domain\demo_backend\mapper\DiaryMapper.class]
2025-03-09 01:54:50 [restartedMain] DEBUG o.m.s.mapper.ClassPathMapperScanner - Identified candidate component class: file [C:\Users\leeyu\Project\speak_diary\demo_spring_Vue\Ai-Diary-server\target\classes\com\domain\demo_backend\mapper\UserMapper.class]
2025-03-09 01:54:50 [restartedMain] DEBUG o.m.s.mapper.ClassPathMapperScanner - Creating MapperFactoryBean with name 'diaryMapper' and 'com.domain.demo_backend.mapper.DiaryMapper' mapperInterface
2025-03-09 01:54:50 [restartedMain] DEBUG o.m.s.mapper.ClassPathMapperScanner - Enabling autowire by type for MapperFactoryBean with name 'diaryMapper'.
2025-03-09 01:54:50 [restartedMain] DEBUG o.m.s.mapper.ClassPathMapperScanner - Creating MapperFactoryBean with name 'userMapper' and 'com.domain.demo_backend.mapper.UserMapper' mapperInterface
2025-03-09 01:54:50 [restartedMain] DEBUG o.m.s.mapper.ClassPathMapperScanner - Enabling autowire by type for MapperFactoryBean with name 'userMapper'.
2025-03-09 01:54:50 [restartedMain] INFO  o.s.b.w.e.tomcat.TomcatWebServer - Tomcat initialized with port(s): 8080 (http)
2025-03-09 01:54:50 [restartedMain] INFO  o.a.coyote.http11.Http11NioProtocol - Initializing ProtocolHandler ["http-nio-8080"]
2025-03-09 01:54:50 [restartedMain] INFO  o.a.catalina.core.StandardService - Starting service [Tomcat]
2025-03-09 01:54:50 [restartedMain] INFO  o.a.catalina.core.StandardEngine - Starting Servlet engine: [Apache Tomcat/10.1.13]
2025-03-09 01:54:50 [restartedMain] INFO  o.a.c.c.C.[Tomcat-4].[localhost].[/] - Initializing Spring embedded WebApplicationContext
2025-03-09 01:54:50 [restartedMain] INFO  o.s.b.w.s.c.ServletWebServerApplicationContext - Root WebApplicationContext: initialization completed in 2939 ms
2025-03-09 01:54:50 [restartedMain] DEBUG o.m.spring.SqlSessionFactoryBean - Parsed mapper file: 'file [C:\Users\leeyu\Project\speak_diary\demo_spring_Vue\Ai-Diary-server\target\classes\mappers\DiaryMapper.xml]'
2025-03-09 01:54:50 [restartedMain] DEBUG o.m.spring.SqlSessionFactoryBean - Parsed mapper file: 'file [C:\Users\leeyu\Project\speak_diary\demo_spring_Vue\Ai-Diary-server\target\classes\mappers\UserMapper.xml]'
2025-03-09 01:54:51 [restartedMain] INFO  o.s.s.web.DefaultSecurityFilterChain - Will secure any request with [org.springframework.security.web.session.DisableEncodeUrlFilter@75d927c5, org.springframework.security.web.context.request.async.WebAsyncManagerIntegrationFilter@50e22024, org.springframework.security.web.context.SecurityContextHolderFilter@3f1b3cc8, org.springframework.security.web.header.HeaderWriterFilter@70f4503a, org.springframework.web.filter.CorsFilter@ec46005, com.domain.demo_backend.util.JwtAuthenticationFilter@3170eaf9, org.springframework.security.web.savedrequest.RequestCacheAwareFilter@5f2cabdd, org.springframework.security.web.servletapi.SecurityContextHolderAwareRequestFilter@16dc8187, org.springframework.security.web.authentication.AnonymousAuthenticationFilter@d2b141d, org.springframework.security.web.access.ExceptionTranslationFilter@8383037, org.springframework.security.web.access.intercept.AuthorizationFilter@6a0ab034]
2025-03-09 01:54:52 [restartedMain] INFO  o.s.b.d.a.OptionalLiveReloadServer - LiveReload server is running on port 35729
2025-03-09 01:54:52 [restartedMain] INFO  o.a.coyote.http11.Http11NioProtocol - Starting ProtocolHandler ["http-nio-8080"]
2025-03-09 01:54:52 [restartedMain] INFO  o.s.b.w.e.tomcat.TomcatWebServer - Tomcat started on port(s): 8080 (http) with context path ''
2025-03-09 01:54:52 [restartedMain] INFO  c.d.d.DemoBackendApplication - Started DemoBackendApplication in 4.991 seconds (process running for 1535.912)
2025-03-09 01:54:52 [restartedMain] INFO  o.s.b.d.a.ConditionEvaluationDeltaLoggingListener - Condition evaluation unchanged
2025-03-09 02:00:07 [File Watcher] INFO  o.s.b.d.a.LocalDevToolsAutoConfiguration$RestartingClassPathChangeChangedEventListener - Restarting due to 7 class path changes (0 additions, 7 deletions, 0 modifications)
2025-03-09 02:00:07 [Thread-35] INFO  o.a.coyote.http11.Http11NioProtocol - Pausing ProtocolHandler ["http-nio-8080"]
2025-03-09 02:00:07 [Thread-35] INFO  o.a.catalina.core.StandardService - Stopping service [Tomcat]
2025-03-09 02:00:07 [Thread-35] INFO  o.a.coyote.http11.Http11NioProtocol - Stopping ProtocolHandler ["http-nio-8080"]
2025-03-09 02:00:07 [Thread-35] INFO  o.a.coyote.http11.Http11NioProtocol - Destroying ProtocolHandler ["http-nio-8080"]
2025-03-09 02:00:07 [restartedMain] INFO  c.d.d.DemoBackendApplication - Starting DemoBackendApplication using Java 17.0.12 with PID 7376 (C:\Users\leeyu\Project\speak_diary\demo_spring_Vue\Ai-Diary-server\target\classes started by Lee in C:\Users\leeyu\Project\speak_diary\demo_spring_Vue)
2025-03-09 02:00:07 [restartedMain] INFO  c.d.d.DemoBackendApplication - No active profile set, falling back to 1 default profile: "default"
2025-03-09 02:00:09 [restartedMain] DEBUG o.m.s.mapper.ClassPathMapperScanner - Identified candidate component class: file [C:\Users\leeyu\Project\speak_diary\demo_spring_Vue\Ai-Diary-server\target\classes\com\domain\demo_backend\mapper\DiaryMapper.class]
2025-03-09 02:00:09 [restartedMain] DEBUG o.m.s.mapper.ClassPathMapperScanner - Creating MapperFactoryBean with name 'diaryMapper' and 'com.domain.demo_backend.mapper.DiaryMapper' mapperInterface
2025-03-09 02:00:09 [restartedMain] DEBUG o.m.s.mapper.ClassPathMapperScanner - Enabling autowire by type for MapperFactoryBean with name 'diaryMapper'.
2025-03-09 02:00:10 [restartedMain] ERROR o.s.boot.SpringApplication - Application run failed
java.lang.IllegalStateException: Unable to load cache item
	at org.springframework.cglib.core.internal.LoadingCache.createEntry(LoadingCache.java:75)
	at org.springframework.cglib.core.internal.LoadingCache.get(LoadingCache.java:34)
	at org.springframework.cglib.core.AbstractClassGenerator$ClassLoaderData.get(AbstractClassGenerator.java:130)
	at org.springframework.cglib.core.AbstractClassGenerator.create(AbstractClassGenerator.java:317)
	at org.springframework.cglib.proxy.Enhancer.createHelper(Enhancer.java:562)
	at org.springframework.cglib.proxy.Enhancer.createClass(Enhancer.java:407)
	at org.springframework.context.annotation.ConfigurationClassEnhancer.createClass(ConfigurationClassEnhancer.java:138)
	at org.springframework.context.annotation.ConfigurationClassEnhancer.enhance(ConfigurationClassEnhancer.java:109)
	at org.springframework.context.annotation.ConfigurationClassPostProcessor.enhanceConfigurationClasses(ConfigurationClassPostProcessor.java:531)
	at org.springframework.context.annotation.ConfigurationClassPostProcessor.postProcessBeanFactory(ConfigurationClassPostProcessor.java:308)
	at org.springframework.context.support.PostProcessorRegistrationDelegate.invokeBeanFactoryPostProcessors(PostProcessorRegistrationDelegate.java:358)
	at org.springframework.context.support.PostProcessorRegistrationDelegate.invokeBeanFactoryPostProcessors(PostProcessorRegistrationDelegate.java:150)
	at org.springframework.context.support.AbstractApplicationContext.invokeBeanFactoryPostProcessors(AbstractApplicationContext.java:771)
	at org.springframework.context.support.AbstractApplicationContext.refresh(AbstractApplicationContext.java:589)
	at org.springframework.boot.web.servlet.context.ServletWebServerApplicationContext.refresh(ServletWebServerApplicationContext.java:146)
	at org.springframework.boot.SpringApplication.refresh(SpringApplication.java:737)
	at org.springframework.boot.SpringApplication.refreshContext(SpringApplication.java:439)
	at org.springframework.boot.SpringApplication.run(SpringApplication.java:315)
	at org.springframework.boot.SpringApplication.run(SpringApplication.java:1309)
	at org.springframework.boot.SpringApplication.run(SpringApplication.java:1298)
	at com.domain.demo_backend.DemoBackendApplication.main(DemoBackendApplication.java:12)
	at java.base/jdk.internal.reflect.NativeMethodAccessorImpl.invoke0(Native Method)
	at java.base/jdk.internal.reflect.NativeMethodAccessorImpl.invoke(NativeMethodAccessorImpl.java:77)
	at java.base/jdk.internal.reflect.DelegatingMethodAccessorImpl.invoke(DelegatingMethodAccessorImpl.java:43)
	at java.base/java.lang.reflect.Method.invoke(Method.java:568)
	at org.springframework.boot.devtools.restart.RestartLauncher.run(RestartLauncher.java:50)
Caused by: java.lang.NoClassDefFoundError: com/domain/demo_backend/util/JwtUtil
	at java.base/java.lang.Class.getDeclaredConstructors0(Native Method)
	at java.base/java.lang.Class.privateGetDeclaredConstructors(Class.java:3373)
	at java.base/java.lang.Class.getDeclaredConstructors(Class.java:2555)
	at org.springframework.cglib.proxy.Enhancer.generateClass(Enhancer.java:655)
	at org.springframework.cglib.transform.TransformingClassGenerator.generateClass(TransformingClassGenerator.java:35)
	at org.springframework.cglib.core.DefaultGeneratorStrategy.generate(DefaultGeneratorStrategy.java:26)
	at org.springframework.cglib.core.ClassLoaderAwareGeneratorStrategy.generate(ClassLoaderAwareGeneratorStrategy.java:57)
	at org.springframework.cglib.core.AbstractClassGenerator.generate(AbstractClassGenerator.java:366)
	at org.springframework.cglib.proxy.Enhancer.generate(Enhancer.java:575)
	at org.springframework.cglib.core.AbstractClassGenerator$ClassLoaderData.lambda$new$1(AbstractClassGenerator.java:107)
	at org.springframework.cglib.core.internal.LoadingCache.lambda$createEntry$1(LoadingCache.java:52)
	at java.base/java.util.concurrent.FutureTask.run$$$capture(FutureTask.java:264)
	at java.base/java.util.concurrent.FutureTask.run(FutureTask.java)
	at org.springframework.cglib.core.internal.LoadingCache.createEntry(LoadingCache.java:57)
	... 25 common frames omitted
Caused by: java.lang.ClassNotFoundException: com.domain.demo_backend.util.JwtUtil
	at java.base/jdk.internal.loader.BuiltinClassLoader.loadClass(BuiltinClassLoader.java:641)
	at java.base/jdk.internal.loader.ClassLoaders$AppClassLoader.loadClass(ClassLoaders.java:188)
	at java.base/java.lang.ClassLoader.loadClass(ClassLoader.java:525)
	at java.base/java.lang.Class.forName0(Native Method)
	at java.base/java.lang.Class.forName(Class.java:467)
	at org.springframework.boot.devtools.restart.classloader.RestartClassLoader.loadClass(RestartClassLoader.java:121)
	at java.base/java.lang.ClassLoader.loadClass(ClassLoader.java:525)
	... 39 common frames omitted
2025-03-09 02:00:21 [restartedMain] INFO  o.s.b.d.e.DevToolsPropertyDefaultsPostProcessor - Devtools property defaults active! Set 'spring.devtools.add-properties' to 'false' to disable
2025-03-09 02:00:21 [restartedMain] INFO  o.s.b.d.e.DevToolsPropertyDefaultsPostProcessor - For additional web related logging consider setting the 'logging.level.web' property to 'DEBUG'
2025-03-09 02:00:21 [restartedMain] INFO  c.d.d.DemoBackendApplication - Starting DemoBackendApplication using Java 17.0.12 with PID 7376 (C:\Users\leeyu\Project\speak_diary\demo_spring_Vue\Ai-Diary-server\target\classes started by Lee in C:\Users\leeyu\Project\speak_diary\demo_spring_Vue)
2025-03-09 02:00:21 [restartedMain] INFO  c.d.d.DemoBackendApplication - No active profile set, falling back to 1 default profile: "default"
2025-03-09 02:00:24 [restartedMain] DEBUG o.m.s.mapper.ClassPathMapperScanner - Identified candidate component class: file [C:\Users\leeyu\Project\speak_diary\demo_spring_Vue\Ai-Diary-server\target\classes\com\domain\demo_backend\mapper\DiaryMapper.class]
2025-03-09 02:00:24 [restartedMain] DEBUG o.m.s.mapper.ClassPathMapperScanner - Identified candidate component class: file [C:\Users\leeyu\Project\speak_diary\demo_spring_Vue\Ai-Diary-server\target\classes\com\domain\demo_backend\mapper\UserMapper.class]
2025-03-09 02:00:24 [restartedMain] DEBUG o.m.s.mapper.ClassPathMapperScanner - Creating MapperFactoryBean with name 'diaryMapper' and 'com.domain.demo_backend.mapper.DiaryMapper' mapperInterface
2025-03-09 02:00:24 [restartedMain] DEBUG o.m.s.mapper.ClassPathMapperScanner - Enabling autowire by type for MapperFactoryBean with name 'diaryMapper'.
2025-03-09 02:00:24 [restartedMain] DEBUG o.m.s.mapper.ClassPathMapperScanner - Creating MapperFactoryBean with name 'userMapper' and 'com.domain.demo_backend.mapper.UserMapper' mapperInterface
2025-03-09 02:00:24 [restartedMain] DEBUG o.m.s.mapper.ClassPathMapperScanner - Enabling autowire by type for MapperFactoryBean with name 'userMapper'.
2025-03-09 02:00:24 [restartedMain] INFO  o.s.b.w.e.tomcat.TomcatWebServer - Tomcat initialized with port(s): 8080 (http)
2025-03-09 02:00:24 [restartedMain] INFO  o.a.coyote.http11.Http11NioProtocol - Initializing ProtocolHandler ["http-nio-8080"]
2025-03-09 02:00:24 [restartedMain] INFO  o.a.catalina.core.StandardService - Starting service [Tomcat]
2025-03-09 02:00:24 [restartedMain] INFO  o.a.catalina.core.StandardEngine - Starting Servlet engine: [Apache Tomcat/10.1.13]
2025-03-09 02:00:24 [restartedMain] INFO  o.a.c.c.C.[Tomcat-4].[localhost].[/] - Initializing Spring embedded WebApplicationContext
2025-03-09 02:00:24 [restartedMain] INFO  o.s.b.w.s.c.ServletWebServerApplicationContext - Root WebApplicationContext: initialization completed in 3316 ms
2025-03-09 02:00:24 [restartedMain] DEBUG o.m.spring.SqlSessionFactoryBean - Parsed mapper file: 'file [C:\Users\leeyu\Project\speak_diary\demo_spring_Vue\Ai-Diary-server\target\classes\mappers\DiaryMapper.xml]'
2025-03-09 02:00:24 [restartedMain] DEBUG o.m.spring.SqlSessionFactoryBean - Parsed mapper file: 'file [C:\Users\leeyu\Project\speak_diary\demo_spring_Vue\Ai-Diary-server\target\classes\mappers\UserMapper.xml]'
2025-03-09 02:00:25 [restartedMain] INFO  o.s.s.web.DefaultSecurityFilterChain - Will secure any request with [org.springframework.security.web.session.DisableEncodeUrlFilter@39b994e6, org.springframework.security.web.context.request.async.WebAsyncManagerIntegrationFilter@5355aeb2, org.springframework.security.web.context.SecurityContextHolderFilter@5ae56ff9, org.springframework.security.web.header.HeaderWriterFilter@6321aac3, org.springframework.web.filter.CorsFilter@4c43d65, com.domain.demo_backend.util.JwtAuthenticationFilter@7ef0a273, org.springframework.security.web.savedrequest.RequestCacheAwareFilter@f937c45, org.springframework.security.web.servletapi.SecurityContextHolderAwareRequestFilter@122e0eb4, org.springframework.security.web.authentication.AnonymousAuthenticationFilter@b1b17ef, org.springframework.security.web.access.ExceptionTranslationFilter@6f3e53d0, org.springframework.security.web.access.intercept.AuthorizationFilter@7b0039cf]
2025-03-09 02:00:25 [restartedMain] INFO  o.s.b.d.a.OptionalLiveReloadServer - LiveReload server is running on port 35729
2025-03-09 02:00:25 [restartedMain] INFO  o.a.coyote.http11.Http11NioProtocol - Starting ProtocolHandler ["http-nio-8080"]
2025-03-09 02:00:26 [restartedMain] INFO  o.s.b.w.e.tomcat.TomcatWebServer - Tomcat started on port(s): 8080 (http) with context path ''
2025-03-09 02:00:26 [restartedMain] INFO  c.d.d.DemoBackendApplication - Started DemoBackendApplication in 4.932 seconds (process running for 1869.626)
2025-03-09 02:00:26 [restartedMain] INFO  o.s.b.d.a.ConditionEvaluationDeltaLoggingListener - Condition evaluation unchanged
2025-03-09 02:23:11 [File Watcher] INFO  o.s.b.d.a.LocalDevToolsAutoConfiguration$RestartingClassPathChangeChangedEventListener - Restarting due to 2 class path changes (0 additions, 2 deletions, 0 modifications)
2025-03-09 02:23:12 [Thread-39] INFO  o.a.coyote.http11.Http11NioProtocol - Pausing ProtocolHandler ["http-nio-8080"]
2025-03-09 02:23:12 [Thread-39] INFO  o.a.catalina.core.StandardService - Stopping service [Tomcat]
2025-03-09 02:23:12 [Thread-39] INFO  o.a.coyote.http11.Http11NioProtocol - Stopping ProtocolHandler ["http-nio-8080"]
2025-03-09 02:23:13 [Thread-39] INFO  o.a.coyote.http11.Http11NioProtocol - Destroying ProtocolHandler ["http-nio-8080"]
2025-03-09 02:23:13 [restartedMain] INFO  c.d.d.DemoBackendApplication - Starting DemoBackendApplication using Java 17.0.12 with PID 7376 (C:\Users\leeyu\Project\speak_diary\demo_spring_Vue\Ai-Diary-server\target\classes started by Lee in C:\Users\leeyu\Project\speak_diary\demo_spring_Vue)
2025-03-09 02:23:13 [restartedMain] INFO  c.d.d.DemoBackendApplication - No active profile set, falling back to 1 default profile: "default"
2025-03-09 02:23:17 [restartedMain] DEBUG o.m.s.mapper.ClassPathMapperScanner - Identified candidate component class: file [C:\Users\leeyu\Project\speak_diary\demo_spring_Vue\Ai-Diary-server\target\classes\com\domain\demo_backend\mapper\DiaryMapper.class]
2025-03-09 02:23:17 [restartedMain] DEBUG o.m.s.mapper.ClassPathMapperScanner - Identified candidate component class: file [C:\Users\leeyu\Project\speak_diary\demo_spring_Vue\Ai-Diary-server\target\classes\com\domain\demo_backend\mapper\UserMapper.class]
2025-03-09 02:23:17 [restartedMain] DEBUG o.m.s.mapper.ClassPathMapperScanner - Creating MapperFactoryBean with name 'diaryMapper' and 'com.domain.demo_backend.mapper.DiaryMapper' mapperInterface
2025-03-09 02:23:17 [restartedMain] DEBUG o.m.s.mapper.ClassPathMapperScanner - Enabling autowire by type for MapperFactoryBean with name 'diaryMapper'.
2025-03-09 02:23:17 [restartedMain] DEBUG o.m.s.mapper.ClassPathMapperScanner - Creating MapperFactoryBean with name 'userMapper' and 'com.domain.demo_backend.mapper.UserMapper' mapperInterface
2025-03-09 02:23:17 [restartedMain] DEBUG o.m.s.mapper.ClassPathMapperScanner - Enabling autowire by type for MapperFactoryBean with name 'userMapper'.
2025-03-09 02:23:18 [restartedMain] INFO  o.s.b.w.e.tomcat.TomcatWebServer - Tomcat initialized with port(s): 8080 (http)
2025-03-09 02:23:18 [restartedMain] INFO  o.a.coyote.http11.Http11NioProtocol - Initializing ProtocolHandler ["http-nio-8080"]
2025-03-09 02:23:18 [restartedMain] INFO  o.a.catalina.core.StandardService - Starting service [Tomcat]
2025-03-09 02:23:18 [restartedMain] INFO  o.a.catalina.core.StandardEngine - Starting Servlet engine: [Apache Tomcat/10.1.13]
2025-03-09 02:23:18 [restartedMain] INFO  o.a.c.c.C.[Tomcat-4].[localhost].[/] - Initializing Spring embedded WebApplicationContext
2025-03-09 02:23:18 [restartedMain] INFO  o.s.b.w.s.c.ServletWebServerApplicationContext - Root WebApplicationContext: initialization completed in 4961 ms
2025-03-09 02:23:22 [restartedMain] DEBUG o.m.spring.SqlSessionFactoryBean - Parsed mapper file: 'file [C:\Users\leeyu\Project\speak_diary\demo_spring_Vue\Ai-Diary-server\target\classes\mappers\DiaryMapper.xml]'
2025-03-09 02:23:22 [restartedMain] WARN  o.s.b.w.s.c.AnnotationConfigServletWebServerApplicationContext - Exception encountered during context initialization - cancelling refresh attempt: org.springframework.beans.factory.UnsatisfiedDependencyException: Error creating bean with name 'customUserDetailsService' defined in file [C:\Users\leeyu\Project\speak_diary\demo_spring_Vue\Ai-Diary-server\target\classes\com\domain\demo_backend\config\CustomUserDetailsService.class]: Unsatisfied dependency expressed through constructor parameter 0: Error creating bean with name 'userMapper' defined in file [C:\Users\leeyu\Project\speak_diary\demo_spring_Vue\Ai-Diary-server\target\classes\com\domain\demo_backend\mapper\UserMapper.class]: Unsatisfied dependency expressed through bean property 'sqlSessionFactory': Error creating bean with name 'sqlSessionFactory' defined in class path resource [org/mybatis/spring/boot/autoconfigure/MybatisAutoConfiguration.class]: Failed to instantiate [org.apache.ibatis.session.SqlSessionFactory]: Factory method 'sqlSessionFactory' threw exception with message: Failed to parse mapping resource: 'file [C:\Users\leeyu\Project\speak_diary\demo_spring_Vue\Ai-Diary-server\target\classes\mappers\UserMapper.xml]'
2025-03-09 02:23:22 [restartedMain] INFO  o.a.catalina.core.StandardService - Stopping service [Tomcat]
2025-03-09 02:23:22 [restartedMain] INFO  o.s.b.a.l.ConditionEvaluationReportLogger - 

Error starting ApplicationContext. To display the condition evaluation report re-run your application with 'debug' enabled.
2025-03-09 02:23:22 [restartedMain] ERROR o.s.boot.SpringApplication - Application run failed
org.springframework.beans.factory.UnsatisfiedDependencyException: Error creating bean with name 'customUserDetailsService' defined in file [C:\Users\leeyu\Project\speak_diary\demo_spring_Vue\Ai-Diary-server\target\classes\com\domain\demo_backend\config\CustomUserDetailsService.class]: Unsatisfied dependency expressed through constructor parameter 0: Error creating bean with name 'userMapper' defined in file [C:\Users\leeyu\Project\speak_diary\demo_spring_Vue\Ai-Diary-server\target\classes\com\domain\demo_backend\mapper\UserMapper.class]: Unsatisfied dependency expressed through bean property 'sqlSessionFactory': Error creating bean with name 'sqlSessionFactory' defined in class path resource [org/mybatis/spring/boot/autoconfigure/MybatisAutoConfiguration.class]: Failed to instantiate [org.apache.ibatis.session.SqlSessionFactory]: Factory method 'sqlSessionFactory' threw exception with message: Failed to parse mapping resource: 'file [C:\Users\leeyu\Project\speak_diary\demo_spring_Vue\Ai-Diary-server\target\classes\mappers\UserMapper.xml]'
	at org.springframework.beans.factory.support.ConstructorResolver.createArgumentArray(ConstructorResolver.java:801)
	at org.springframework.beans.factory.support.ConstructorResolver.autowireConstructor(ConstructorResolver.java:240)
	at org.springframework.beans.factory.support.AbstractAutowireCapableBeanFactory.autowireConstructor(AbstractAutowireCapableBeanFactory.java:1352)
	at org.springframework.beans.factory.support.AbstractAutowireCapableBeanFactory.createBeanInstance(AbstractAutowireCapableBeanFactory.java:1189)
	at org.springframework.beans.factory.support.AbstractAutowireCapableBeanFactory.doCreateBean(AbstractAutowireCapableBeanFactory.java:560)
	at org.springframework.beans.factory.support.AbstractAutowireCapableBeanFactory.createBean(AbstractAutowireCapableBeanFactory.java:520)
	at org.springframework.beans.factory.support.AbstractBeanFactory.lambda$doGetBean$0(AbstractBeanFactory.java:325)
	at org.springframework.beans.factory.support.DefaultSingletonBeanRegistry.getSingleton(DefaultSingletonBeanRegistry.java:234)
	at org.springframework.beans.factory.support.AbstractBeanFactory.doGetBean(AbstractBeanFactory.java:323)
	at org.springframework.beans.factory.support.AbstractBeanFactory.getBean(AbstractBeanFactory.java:199)
	at org.springframework.beans.factory.support.DefaultListableBeanFactory.preInstantiateSingletons(DefaultListableBeanFactory.java:973)
	at org.springframework.context.support.AbstractApplicationContext.finishBeanFactoryInitialization(AbstractApplicationContext.java:942)
	at org.springframework.context.support.AbstractApplicationContext.refresh(AbstractApplicationContext.java:608)
	at org.springframework.boot.web.servlet.context.ServletWebServerApplicationContext.refresh(ServletWebServerApplicationContext.java:146)
	at org.springframework.boot.SpringApplication.refresh(SpringApplication.java:737)
	at org.springframework.boot.SpringApplication.refreshContext(SpringApplication.java:439)
	at org.springframework.boot.SpringApplication.run(SpringApplication.java:315)
	at org.springframework.boot.SpringApplication.run(SpringApplication.java:1309)
	at org.springframework.boot.SpringApplication.run(SpringApplication.java:1298)
	at com.domain.demo_backend.DemoBackendApplication.main(DemoBackendApplication.java:12)
	at java.base/jdk.internal.reflect.NativeMethodAccessorImpl.invoke0(Native Method)
	at java.base/jdk.internal.reflect.NativeMethodAccessorImpl.invoke(NativeMethodAccessorImpl.java:77)
	at java.base/jdk.internal.reflect.DelegatingMethodAccessorImpl.invoke(DelegatingMethodAccessorImpl.java:43)
	at java.base/java.lang.reflect.Method.invoke(Method.java:568)
	at org.springframework.boot.devtools.restart.RestartLauncher.run(RestartLauncher.java:50)
Caused by: org.springframework.beans.factory.UnsatisfiedDependencyException: Error creating bean with name 'userMapper' defined in file [C:\Users\leeyu\Project\speak_diary\demo_spring_Vue\Ai-Diary-server\target\classes\com\domain\demo_backend\mapper\UserMapper.class]: Unsatisfied dependency expressed through bean property 'sqlSessionFactory': Error creating bean with name 'sqlSessionFactory' defined in class path resource [org/mybatis/spring/boot/autoconfigure/MybatisAutoConfiguration.class]: Failed to instantiate [org.apache.ibatis.session.SqlSessionFactory]: Factory method 'sqlSessionFactory' threw exception with message: Failed to parse mapping resource: 'file [C:\Users\leeyu\Project\speak_diary\demo_spring_Vue\Ai-Diary-server\target\classes\mappers\UserMapper.xml]'
	at org.springframework.beans.factory.support.AbstractAutowireCapableBeanFactory.autowireByType(AbstractAutowireCapableBeanFactory.java:1513)
	at org.springframework.beans.factory.support.AbstractAutowireCapableBeanFactory.populateBean(AbstractAutowireCapableBeanFactory.java:1407)
	at org.springframework.beans.factory.support.AbstractAutowireCapableBeanFactory.doCreateBean(AbstractAutowireCapableBeanFactory.java:597)
	at org.springframework.beans.factory.support.AbstractAutowireCapableBeanFactory.createBean(AbstractAutowireCapableBeanFactory.java:520)
	at org.springframework.beans.factory.support.AbstractBeanFactory.lambda$doGetBean$0(AbstractBeanFactory.java:325)
	at org.springframework.beans.factory.support.DefaultSingletonBeanRegistry.getSingleton(DefaultSingletonBeanRegistry.java:234)
	at org.springframework.beans.factory.support.AbstractBeanFactory.doGetBean(AbstractBeanFactory.java:323)
	at org.springframework.beans.factory.support.AbstractBeanFactory.getBean(AbstractBeanFactory.java:199)
	at org.springframework.beans.factory.config.DependencyDescriptor.resolveCandidate(DependencyDescriptor.java:254)
	at org.springframework.beans.factory.support.DefaultListableBeanFactory.doResolveDependency(DefaultListableBeanFactory.java:1417)
	at org.springframework.beans.factory.support.DefaultListableBeanFactory.resolveDependency(DefaultListableBeanFactory.java:1337)
	at org.springframework.beans.factory.support.ConstructorResolver.resolveAutowiredArgument(ConstructorResolver.java:910)
	at org.springframework.beans.factory.support.ConstructorResolver.createArgumentArray(ConstructorResolver.java:788)
	... 24 common frames omitted
Caused by: org.springframework.beans.factory.BeanCreationException: Error creating bean with name 'sqlSessionFactory' defined in class path resource [org/mybatis/spring/boot/autoconfigure/MybatisAutoConfiguration.class]: Failed to instantiate [org.apache.ibatis.session.SqlSessionFactory]: Factory method 'sqlSessionFactory' threw exception with message: Failed to parse mapping resource: 'file [C:\Users\leeyu\Project\speak_diary\demo_spring_Vue\Ai-Diary-server\target\classes\mappers\UserMapper.xml]'
	at org.springframework.beans.factory.support.ConstructorResolver.instantiate(ConstructorResolver.java:654)
	at org.springframework.beans.factory.support.ConstructorResolver.instantiateUsingFactoryMethod(ConstructorResolver.java:642)
	at org.springframework.beans.factory.support.AbstractAutowireCapableBeanFactory.instantiateUsingFactoryMethod(AbstractAutowireCapableBeanFactory.java:1332)
	at org.springframework.beans.factory.support.AbstractAutowireCapableBeanFactory.createBeanInstance(AbstractAutowireCapableBeanFactory.java:1162)
	at org.springframework.beans.factory.support.AbstractAutowireCapableBeanFactory.doCreateBean(AbstractAutowireCapableBeanFactory.java:560)
	at org.springframework.beans.factory.support.AbstractAutowireCapableBeanFactory.createBean(AbstractAutowireCapableBeanFactory.java:520)
	at org.springframework.beans.factory.support.AbstractBeanFactory.lambda$doGetBean$0(AbstractBeanFactory.java:325)
	at org.springframework.beans.factory.support.DefaultSingletonBeanRegistry.getSingleton(DefaultSingletonBeanRegistry.java:234)
	at org.springframework.beans.factory.support.AbstractBeanFactory.doGetBean(AbstractBeanFactory.java:323)
	at org.springframework.beans.factory.support.AbstractBeanFactory.getBean(AbstractBeanFactory.java:199)
	at org.springframework.beans.factory.config.DependencyDescriptor.resolveCandidate(DependencyDescriptor.java:254)
	at org.springframework.beans.factory.support.DefaultListableBeanFactory.doResolveDependency(DefaultListableBeanFactory.java:1417)
	at org.springframework.beans.factory.support.DefaultListableBeanFactory.resolveDependency(DefaultListableBeanFactory.java:1337)
	at org.springframework.beans.factory.support.AbstractAutowireCapableBeanFactory.autowireByType(AbstractAutowireCapableBeanFactory.java:1498)
	... 36 common frames omitted
Caused by: org.springframework.beans.BeanInstantiationException: Failed to instantiate [org.apache.ibatis.session.SqlSessionFactory]: Factory method 'sqlSessionFactory' threw exception with message: Failed to parse mapping resource: 'file [C:\Users\leeyu\Project\speak_diary\demo_spring_Vue\Ai-Diary-server\target\classes\mappers\UserMapper.xml]'
	at org.springframework.beans.factory.support.SimpleInstantiationStrategy.instantiate(SimpleInstantiationStrategy.java:171)
	at org.springframework.beans.factory.support.ConstructorResolver.instantiate(ConstructorResolver.java:650)
	... 49 common frames omitted
Caused by: java.io.IOException: Failed to parse mapping resource: 'file [C:\Users\leeyu\Project\speak_diary\demo_spring_Vue\Ai-Diary-server\target\classes\mappers\UserMapper.xml]'
	at org.mybatis.spring.SqlSessionFactoryBean.buildSqlSessionFactory(SqlSessionFactoryBean.java:700)
	at org.mybatis.spring.SqlSessionFactoryBean.afterPropertiesSet(SqlSessionFactoryBean.java:577)
	at org.mybatis.spring.SqlSessionFactoryBean.getObject(SqlSessionFactoryBean.java:720)
	at org.mybatis.spring.boot.autoconfigure.MybatisAutoConfiguration.sqlSessionFactory(MybatisAutoConfiguration.java:189)
	at java.base/jdk.internal.reflect.NativeMethodAccessorImpl.invoke0(Native Method)
	at java.base/jdk.internal.reflect.NativeMethodAccessorImpl.invoke(NativeMethodAccessorImpl.java:77)
	at java.base/jdk.internal.reflect.DelegatingMethodAccessorImpl.invoke(DelegatingMethodAccessorImpl.java:43)
	at java.base/java.lang.reflect.Method.invoke(Method.java:568)
	at org.springframework.beans.factory.support.SimpleInstantiationStrategy.instantiate(SimpleInstantiationStrategy.java:139)
	... 50 common frames omitted
Caused by: org.apache.ibatis.builder.BuilderException: Error parsing Mapper XML. The XML location is 'file [C:\Users\leeyu\Project\speak_diary\demo_spring_Vue\Ai-Diary-server\target\classes\mappers\UserMapper.xml]'. Cause: org.apache.ibatis.builder.BuilderException: Error resolving class. Cause: org.apache.ibatis.type.TypeException: Could not resolve type alias 'com.domain.demo_backend.user.domain.User'.  Cause: java.lang.ClassNotFoundException: Cannot find class: com.domain.demo_backend.user.domain.User
	at org.apache.ibatis.builder.xml.XMLMapperBuilder.configurationElement(XMLMapperBuilder.java:127)
	at org.apache.ibatis.builder.xml.XMLMapperBuilder.parse(XMLMapperBuilder.java:100)
	at org.mybatis.spring.SqlSessionFactoryBean.buildSqlSessionFactory(SqlSessionFactoryBean.java:698)
	... 58 common frames omitted
Caused by: org.apache.ibatis.builder.BuilderException: Error resolving class. Cause: org.apache.ibatis.type.TypeException: Could not resolve type alias 'com.domain.demo_backend.user.domain.User'.  Cause: java.lang.ClassNotFoundException: Cannot find class: com.domain.demo_backend.user.domain.User
	at org.apache.ibatis.builder.BaseBuilder.resolveClass(BaseBuilder.java:103)
	at org.apache.ibatis.builder.xml.XMLStatementBuilder.parseStatementNode(XMLStatementBuilder.java:78)
	at org.apache.ibatis.builder.xml.XMLMapperBuilder.buildStatementFromContext(XMLMapperBuilder.java:143)
	at org.apache.ibatis.builder.xml.XMLMapperBuilder.buildStatementFromContext(XMLMapperBuilder.java:135)
	at org.apache.ibatis.builder.xml.XMLMapperBuilder.configurationElement(XMLMapperBuilder.java:125)
	... 60 common frames omitted
Caused by: org.apache.ibatis.type.TypeException: Could not resolve type alias 'com.domain.demo_backend.user.domain.User'.  Cause: java.lang.ClassNotFoundException: Cannot find class: com.domain.demo_backend.user.domain.User
	at org.apache.ibatis.type.TypeAliasRegistry.resolveAlias(TypeAliasRegistry.java:128)
	at org.apache.ibatis.builder.BaseBuilder.resolveAlias(BaseBuilder.java:132)
	at org.apache.ibatis.builder.BaseBuilder.resolveClass(BaseBuilder.java:101)
	... 64 common frames omitted
Caused by: java.lang.ClassNotFoundException: Cannot find class: com.domain.demo_backend.user.domain.User
	at org.apache.ibatis.io.ClassLoaderWrapper.classForName(ClassLoaderWrapper.java:226)
	at org.apache.ibatis.io.ClassLoaderWrapper.classForName(ClassLoaderWrapper.java:103)
	at org.apache.ibatis.io.Resources.classForName(Resources.java:322)
	at org.apache.ibatis.type.TypeAliasRegistry.resolveAlias(TypeAliasRegistry.java:124)
	... 66 common frames omitted
